start: s
accept: ac
reject: rj
blank: _
s 0 -> right_to_plus 0 ^
s 1 -> right_to_plus 1 ^
s 2 -> right_to_plus 2 ^
s 3 -> right_to_plus 3 ^
s 4 -> right_to_plus 4 ^
s 5 -> right_to_plus 5 ^
s 6 -> right_to_plus 6 ^
s 7 -> right_to_plus 7 ^
s 8 -> right_to_plus 8 ^
s 9 -> right_to_plus 9 ^
s - -> right_to_plus - ^
s _ -> right_to_plus _ ^
s + -> right_to_plus + ^
s * -> right_to_plus * ^
s ^ -> right_to_plus ^ ^
s $ -> right_to_plus $ ^
s # -> right_to_plus # ^
s < -> right_to_plus < ^
s > -> right_to_plus > ^
s ( -> right_to_plus ( ^
s ) -> right_to_plus ) ^



right_to_plus 0 -> right_to_plus 0 >
right_to_plus 1 -> right_to_plus 1 >
right_to_plus 2 -> right_to_plus 2 >
right_to_plus 3 -> right_to_plus 3 >
right_to_plus 4 -> right_to_plus 4 >
right_to_plus 5 -> right_to_plus 5 >
right_to_plus 6 -> right_to_plus 6 >
right_to_plus 7 -> right_to_plus 7 >
right_to_plus 8 -> right_to_plus 8 >
right_to_plus 9 -> right_to_plus 9 >
right_to_plus - -> right_to_plus - >
right_to_plus _ -> right_to_plus _ >
right_to_plus + -> check_last_right0 # <
right_to_plus * -> right_to_plus * >
right_to_plus ^ -> right_to_plus ^ >
right_to_plus $ -> right_to_plus $ >
right_to_plus # -> right_to_plus # >
right_to_plus < -> right_to_plus < >
right_to_plus > -> right_to_plus > >
right_to_plus ( -> right_to_plus ( >
right_to_plus ) -> right_to_plus ) >

check_last_right0 0 -> right_to_blank_or_delim0 $ ^
check_last_right0 1 -> right_to_blank_or_delim1 $ ^
check_last_right0 _ -> right_to_blank_or_delim0 ^ >
check_last_right0 ^ -> right_to_blank_or_delim0 ^ >

check_last_right1 0 -> right_to_blank_or_delim1 $ ^
check_last_right1 1 -> right_to_blank_or_delim10 $ ^
check_last_right1 _ -> right_to_blank_or_delim1 ^ >
check_last_right1 ^ -> right_to_blank_or_delim1 ^ >

right_to_blank_or_delim0 0 -> right_to_blank_or_delim0 0 >
right_to_blank_or_delim0 1 -> right_to_blank_or_delim0 1 >
right_to_blank_or_delim0 2 -> right_to_blank_or_delim0 2 >
right_to_blank_or_delim0 3 -> right_to_blank_or_delim0 3 >
right_to_blank_or_delim0 4 -> right_to_blank_or_delim0 4 >
right_to_blank_or_delim0 5 -> right_to_blank_or_delim0 5 >
right_to_blank_or_delim0 6 -> right_to_blank_or_delim0 6 >
right_to_blank_or_delim0 7 -> right_to_blank_or_delim0 7 >
right_to_blank_or_delim0 8 -> right_to_blank_or_delim0 8 >
right_to_blank_or_delim0 9 -> right_to_blank_or_delim0 9 >
right_to_blank_or_delim0 - -> right_to_blank_or_delim0 - >
right_to_blank_or_delim0 _ -> add_last0 _ <
right_to_blank_or_delim0 + -> right_to_blank_or_delim0 + >
right_to_blank_or_delim0 * -> right_to_blank_or_delim0 * >
right_to_blank_or_delim0 ^ -> right_to_blank_or_delim0 ^ >
right_to_blank_or_delim0 $ -> right_to_blank_or_delim0 $ >
right_to_blank_or_delim0 # -> right_to_blank_or_delim0 # >
right_to_blank_or_delim0 < -> right_to_blank_or_delim0 < >
right_to_blank_or_delim0 > -> right_to_blank_or_delim0 > >
right_to_blank_or_delim0 ( -> right_to_blank_or_delim0 ( >
right_to_blank_or_delim0 ) -> right_to_blank_or_delim0 ) >

right_to_blank_or_delim1 0 -> right_to_blank_or_delim1 0 >
right_to_blank_or_delim1 1 -> right_to_blank_or_delim1 1 >
right_to_blank_or_delim1 2 -> right_to_blank_or_delim1 2 >
right_to_blank_or_delim1 3 -> right_to_blank_or_delim1 3 >
right_to_blank_or_delim1 4 -> right_to_blank_or_delim1 4 >
right_to_blank_or_delim1 5 -> right_to_blank_or_delim1 5 >
right_to_blank_or_delim1 6 -> right_to_blank_or_delim1 6 >
right_to_blank_or_delim1 7 -> right_to_blank_or_delim1 7 >
right_to_blank_or_delim1 8 -> right_to_blank_or_delim1 8 >
right_to_blank_or_delim1 9 -> right_to_blank_or_delim1 9 >
right_to_blank_or_delim1 - -> right_to_blank_or_delim1 - >
right_to_blank_or_delim1 _ -> add_last1 _ <
right_to_blank_or_delim1 + -> right_to_blank_or_delim1 + >
right_to_blank_or_delim1 * -> right_to_blank_or_delim1 * >
right_to_blank_or_delim1 ^ -> right_to_blank_or_delim1 ^ >
right_to_blank_or_delim1 $ -> right_to_blank_or_delim1 $ >
right_to_blank_or_delim1 # -> right_to_blank_or_delim1 # >
right_to_blank_or_delim1 < -> right_to_blank_or_delim1 < >
right_to_blank_or_delim1 > -> right_to_blank_or_delim1 > >
right_to_blank_or_delim1 ( -> right_to_blank_or_delim1 ( >
right_to_blank_or_delim1 ) -> right_to_blank_or_delim1 ) >

right_to_blank_or_delim10 0 -> right_to_blank_or_delim10 0 >
right_to_blank_or_delim10 1 -> right_to_blank_or_delim10 1 >
right_to_blank_or_delim10 2 -> right_to_blank_or_delim10 2 >
right_to_blank_or_delim10 3 -> right_to_blank_or_delim10 3 >
right_to_blank_or_delim10 4 -> right_to_blank_or_delim10 4 >
right_to_blank_or_delim10 5 -> right_to_blank_or_delim10 5 >
right_to_blank_or_delim10 6 -> right_to_blank_or_delim10 6 >
right_to_blank_or_delim10 7 -> right_to_blank_or_delim10 7 >
right_to_blank_or_delim10 8 -> right_to_blank_or_delim10 8 >
right_to_blank_or_delim10 9 -> right_to_blank_or_delim10 9 >
right_to_blank_or_delim10 - -> right_to_blank_or_delim10 - >
right_to_blank_or_delim10 _ -> add_last10 _ <
right_to_blank_or_delim10 + -> right_to_blank_or_delim10 + >
right_to_blank_or_delim10 * -> right_to_blank_or_delim10 * >
right_to_blank_or_delim10 ^ -> right_to_blank_or_delim10 ^ >
right_to_blank_or_delim10 $ -> right_to_blank_or_delim10 $ >
right_to_blank_or_delim10 # -> right_to_blank_or_delim10 # >
right_to_blank_or_delim10 < -> right_to_blank_or_delim10 < >
right_to_blank_or_delim10 > -> right_to_blank_or_delim10 > >
right_to_blank_or_delim10 ( -> right_to_blank_or_delim10 ( >
right_to_blank_or_delim10 ) -> right_to_blank_or_delim10 ) >

add_last0 0 -> add_last0t0 : >
add_last0 1 -> add_last0t1 : >
add_last0 ^ -> right_to1 : ^
add_last0 # -> add_last0t0 : >

add_last0t1 0 -> left_to_dollar0 1 <
add_last0t1 1 -> left_to_dollar0 1 <
add_last0t1 2 -> left_to_dollar0 1 <
add_last0t1 3 -> left_to_dollar0 1 <
add_last0t1 4 -> left_to_dollar0 1 <
add_last0t1 5 -> left_to_dollar0 1 <
add_last0t1 6 -> left_to_dollar0 1 <
add_last0t1 7 -> left_to_dollar0 1 <
add_last0t1 8 -> left_to_dollar0 1 <
add_last0t1 9 -> left_to_dollar0 1 <
add_last0t1 - -> left_to_dollar0 1 <
add_last0t1 _ -> left_to_dollar0 1 <
add_last0t1 + -> left_to_dollar0 1 <
add_last0t1 * -> left_to_dollar0 1 <
add_last0t1 ^ -> left_to_dollar0 1 <
add_last0t1 $ -> left_to_dollar0 1 <
add_last0t1 # -> left_to_dollar0 1 <
add_last0t1 < -> left_to_dollar0 1 <
add_last0t1 > -> left_to_dollar0 1 <
add_last0t1 ( -> left_to_dollar0 1 <
add_last0t1 ) -> left_to_dollar0 1 <

add_last0t0 0 -> left_to_dollar0 0 <
add_last0t0 1 -> left_to_dollar0 0 <
add_last0t0 2 -> left_to_dollar0 0 <
add_last0t0 3 -> left_to_dollar0 0 <
add_last0t0 4 -> left_to_dollar0 0 <
add_last0t0 5 -> left_to_dollar0 0 <
add_last0t0 6 -> left_to_dollar0 0 <
add_last0t0 7 -> left_to_dollar0 0 <
add_last0t0 8 -> left_to_dollar0 0 <
add_last0t0 9 -> left_to_dollar0 0 <
add_last0t0 - -> left_to_dollar0 0 <
add_last0t0 _ -> left_to_dollar0 0 <
add_last0t0 + -> left_to_dollar0 0 <
add_last0t0 * -> left_to_dollar0 0 <
add_last0t0 ^ -> left_to_dollar0 0 <
add_last0t0 $ -> left_to_dollar0 0 <
add_last0t0 # -> left_to_dollar0 0 <
add_last0t0 < -> left_to_dollar0 0 <
add_last0t0 > -> left_to_dollar0 0 <
add_last0t0 ( -> left_to_dollar0 0 <
add_last0t0 ) -> left_to_dollar0 0 <

add_last1 0 -> add_last1t0 : >
add_last1 1 -> add_last1t1 : >
add_last1 # -> add_last1t0 : >

add_last1t1 0 -> left_to_dollar1 0 <
add_last1t1 1 -> left_to_dollar1 0 <
add_last1t1 2 -> left_to_dollar1 0 <
add_last1t1 3 -> left_to_dollar1 0 <
add_last1t1 4 -> left_to_dollar1 0 <
add_last1t1 5 -> left_to_dollar1 0 <
add_last1t1 6 -> left_to_dollar1 0 <
add_last1t1 7 -> left_to_dollar1 0 <
add_last1t1 8 -> left_to_dollar1 0 <
add_last1t1 9 -> left_to_dollar1 0 <
add_last1t1 - -> left_to_dollar1 0 <
add_last1t1 _ -> left_to_dollar1 0 <
add_last1t1 + -> left_to_dollar1 0 <
add_last1t1 * -> left_to_dollar1 0 <
add_last1t1 ^ -> left_to_dollar1 0 <
add_last1t1 $ -> left_to_dollar1 0 <
add_last1t1 # -> left_to_dollar1 0 <
add_last1t1 < -> left_to_dollar1 0 <
add_last1t1 > -> left_to_dollar1 0 <
add_last1t1 ( -> left_to_dollar1 0 <
add_last1t1 ) -> left_to_dollar1 0 <

add_last1t0 0 -> left_to_dollar0 1 <
add_last1t0 1 -> left_to_dollar0 1 <
add_last1t0 2 -> left_to_dollar0 1 <
add_last1t0 3 -> left_to_dollar0 1 <
add_last1t0 4 -> left_to_dollar0 1 <
add_last1t0 5 -> left_to_dollar0 1 <
add_last1t0 6 -> left_to_dollar0 1 <
add_last1t0 7 -> left_to_dollar0 1 <
add_last1t0 8 -> left_to_dollar0 1 <
add_last1t0 9 -> left_to_dollar0 1 <
add_last1t0 - -> left_to_dollar0 1 <
add_last1t0 _ -> left_to_dollar0 1 <
add_last1t0 + -> left_to_dollar0 1 <
add_last1t0 * -> left_to_dollar0 1 <
add_last1t0 ^ -> left_to_dollar0 1 <
add_last1t0 $ -> left_to_dollar0 1 <
add_last1t0 # -> left_to_dollar0 1 <
add_last1t0 < -> left_to_dollar0 1 <
add_last1t0 > -> left_to_dollar0 1 <
add_last1t0 ( -> left_to_dollar0 1 <
add_last1t0 ) -> left_to_dollar0 1 <

add_last10 0 -> add_last10t0 : >
add_last10 1 -> add_last10t1 : >
add_last10 # -> add_last10t0 : >

add_last10t1 0 -> left_to_dollar1 1 <
add_last10t1 1 -> left_to_dollar1 1 <
add_last10t1 2 -> left_to_dollar1 1 <
add_last10t1 3 -> left_to_dollar1 1 <
add_last10t1 4 -> left_to_dollar1 1 <
add_last10t1 5 -> left_to_dollar1 1 <
add_last10t1 6 -> left_to_dollar1 1 <
add_last10t1 7 -> left_to_dollar1 1 <
add_last10t1 8 -> left_to_dollar1 1 <
add_last10t1 9 -> left_to_dollar1 1 <
add_last10t1 - -> left_to_dollar1 1 <
add_last10t1 _ -> left_to_dollar1 1 <
add_last10t1 + -> left_to_dollar1 1 <
add_last10t1 * -> left_to_dollar1 1 <
add_last10t1 ^ -> left_to_dollar1 1 <
add_last10t1 $ -> left_to_dollar1 1 <
add_last10t1 # -> left_to_dollar1 1 <
add_last10t1 < -> left_to_dollar1 1 <
add_last10t1 > -> left_to_dollar1 1 <
add_last10t1 ( -> left_to_dollar1 1 <
add_last10t1 ) -> left_to_dollar1 1 <

add_last10t0 0 -> left_to_dollar1 0 <
add_last10t0 1 -> left_to_dollar1 0 <
add_last10t0 2 -> left_to_dollar1 0 <
add_last10t0 3 -> left_to_dollar1 0 <
add_last10t0 4 -> left_to_dollar1 0 <
add_last10t0 5 -> left_to_dollar1 0 <
add_last10t0 6 -> left_to_dollar1 0 <
add_last10t0 7 -> left_to_dollar1 0 <
add_last10t0 8 -> left_to_dollar1 0 <
add_last10t0 9 -> left_to_dollar1 0 <
add_last10t0 - -> left_to_dollar1 0 <
add_last10t0 _ -> left_to_dollar1 0 <
add_last10t0 + -> left_to_dollar1 0 <
add_last10t0 * -> left_to_dollar1 0 <
add_last10t0 ^ -> left_to_dollar1 0 <
add_last10t0 $ -> left_to_dollar1 0 <
add_last10t0 # -> left_to_dollar1 0 <
add_last10t0 < -> left_to_dollar1 0 <
add_last10t0 > -> left_to_dollar1 0 <
add_last10t0 ( -> left_to_dollar1 0 <
add_last10t0 ) -> left_to_dollar1 0 <

left_to_dollar0 0 -> left_to_dollar0 0 <
left_to_dollar0 1 -> left_to_dollar0 1 <
left_to_dollar0 2 -> left_to_dollar0 2 <
left_to_dollar0 3 -> left_to_dollar0 3 <
left_to_dollar0 4 -> left_to_dollar0 4 <
left_to_dollar0 5 -> left_to_dollar0 5 <
left_to_dollar0 6 -> left_to_dollar0 6 <
left_to_dollar0 7 -> left_to_dollar0 7 <
left_to_dollar0 8 -> left_to_dollar0 8 <
left_to_dollar0 9 -> left_to_dollar0 9 <
left_to_dollar0 - -> left_to_dollar0 - <
left_to_dollar0 _ -> left_to_dollar0 _ <
left_to_dollar0 + -> left_to_dollar0 + <
left_to_dollar0 * -> left_to_dollar0 * <
left_to_dollar0 ^ -> check_last_right0 ^ ^
left_to_dollar0 $ -> check_last_right0 # <
left_to_dollar0 # -> left_to_dollar0 # <
left_to_dollar0 < -> left_to_dollar0 < <
left_to_dollar0 > -> left_to_dollar0 > <
left_to_dollar0 ( -> left_to_dollar0 ( <
left_to_dollar0 ) -> left_to_dollar0 ) <

left_to_dollar1 0 -> left_to_dollar1 0 <
left_to_dollar1 1 -> left_to_dollar1 1 <
left_to_dollar1 2 -> left_to_dollar1 2 <
left_to_dollar1 3 -> left_to_dollar1 3 <
left_to_dollar1 4 -> left_to_dollar1 4 <
left_to_dollar1 5 -> left_to_dollar1 5 <
left_to_dollar1 6 -> left_to_dollar1 6 <
left_to_dollar1 7 -> left_to_dollar1 7 <
left_to_dollar1 8 -> left_to_dollar1 8 <
left_to_dollar1 9 -> left_to_dollar1 9 <
left_to_dollar1 - -> left_to_dollar1 - <
left_to_dollar1 _ -> left_to_dollar1 _ <
left_to_dollar1 + -> left_to_dollar1 + <
left_to_dollar1 * -> left_to_dollar1 * <
left_to_dollar1 ^ -> check_last_right1 ^ ^
left_to_dollar1 $ -> check_last_right1 # <
left_to_dollar1 # -> left_to_dollar1 # <
left_to_dollar1 < -> left_to_dollar1 < <
left_to_dollar1 > -> left_to_dollar1 > <
left_to_dollar1 ( -> left_to_dollar1 ( <
left_to_dollar1 ) -> left_to_dollar1 ) <

right_to1 0 -> right_to1 _ >
right_to1 1 -> ac 1 ^
right_to1 2 -> right_to1 _ >
right_to1 3 -> right_to1 _ >
right_to1 4 -> right_to1 _ >
right_to1 5 -> right_to1 _ >
right_to1 6 -> right_to1 _ >
right_to1 7 -> right_to1 _ >
right_to1 8 -> right_to1 _ >
right_to1 9 -> right_to1 _ >
right_to1 - -> right_to1 _ >
right_to1 _ -> ac 0 ^
right_to1 + -> right_to1 _ >
right_to1 * -> right_to1 _ >
right_to1 ^ -> right_to1 _ >
right_to1 $ -> right_to1 _ >
right_to1 # -> right_to1 _ >
right_to1 < -> right_to1 _ >
right_to1 > -> right_to1 _ >
right_to1 ( -> right_to1 _ >
right_to1 ) -> right_to1 _ >

