start: s
accept: ac
reject: rj
blank: _
s 0 -> split 0 <
s 1 -> split 1 <
s 2 -> split 2 <
s 3 -> split 3 <
s 4 -> split 4 <
s 5 -> split 5 <
s 6 -> split 6 <
s 7 -> split 7 <
s 8 -> split 8 <
s 9 -> split 9 <
s - -> split - <
s _ -> split _ <
s + -> split + <
s * -> split * <
s ^ -> split ^ <
s $ -> split $ <
s # -> split # <
s < -> split < <
s > -> split > <
s ( -> split ( <
s ) -> split ) <
s r0 -> split r0 <
s r1 -> split r1 <
s l0 -> split l0 <
s l1 -> split l1 <
s f0 -> split f0 <
s f1 -> split f1 <
s t0 -> split t0 <
s t1 -> split t1 <
s | -> split | <
s a -> split a <
s o -> split o <



split _ -> splt1 # <

splt1 _ -> to_end 0 ^

to_end 0 -> to_end 0 >
to_end 1 -> to_end 1 >
to_end 2 -> to_end 2 >
to_end 3 -> to_end 3 >
to_end 4 -> to_end 4 >
to_end 5 -> to_end 5 >
to_end 6 -> to_end 6 >
to_end 7 -> to_end 7 >
to_end 8 -> to_end 8 >
to_end 9 -> to_end 9 >
to_end - -> to_end - >
to_end _ -> dec1 _ ^
to_end + -> to_end + >
to_end * -> to_end * >
to_end ^ -> to_end ^ >
to_end $ -> to_end $ >
to_end # -> to_end # >
to_end < -> to_end < >
to_end > -> to_end > >
to_end ( -> to_end ( >
to_end ) -> to_end ) >
to_end r0 -> to_end r0 >
to_end r1 -> to_end r1 >
to_end l0 -> to_end l0 >
to_end l1 -> to_end l1 >
to_end f0 -> to_end f0 >
to_end f1 -> to_end f1 >
to_end t0 -> to_end t0 >
to_end t1 -> to_end t1 >
to_end | -> to_end | >
to_end a -> to_end a >
to_end o -> to_end o >

to_begin 0 -> to_begin 0 <
to_begin 1 -> to_begin 1 <
to_begin 2 -> to_begin 2 <
to_begin 3 -> to_begin 3 <
to_begin 4 -> to_begin 4 <
to_begin 5 -> to_begin 5 <
to_begin 6 -> to_begin 6 <
to_begin 7 -> to_begin 7 <
to_begin 8 -> to_begin 8 <
to_begin 9 -> to_begin 9 <
to_begin - -> to_begin - <
to_begin _ -> to_begin1 _ ^
to_begin + -> to_begin + <
to_begin * -> to_begin * <
to_begin ^ -> to_begin ^ <
to_begin $ -> to_begin $ <
to_begin # -> to_begin # <
to_begin < -> to_begin < <
to_begin > -> to_begin > <
to_begin ( -> to_begin ( <
to_begin ) -> to_begin ) <
to_begin r0 -> to_begin r0 <
to_begin r1 -> to_begin r1 <
to_begin l0 -> to_begin l0 <
to_begin l1 -> to_begin l1 <
to_begin f0 -> to_begin f0 <
to_begin f1 -> to_begin f1 <
to_begin t0 -> to_begin t0 <
to_begin t1 -> to_begin t1 <
to_begin | -> to_begin | <
to_begin a -> to_begin a <
to_begin o -> to_begin o <

to_begin1 _ -> ac _ >

dec1 _ -> dec _ <

dec 0 -> dec 2 <
dec 1 -> to_split 0 ^
dec 2 -> to_split 1 ^
dec # -> clear # ^

to_split 0 -> to_split 0 <
to_split 1 -> to_split 1 <
to_split 2 -> to_split 2 <
to_split 3 -> to_split 3 <
to_split 4 -> to_split 4 <
to_split 5 -> to_split 5 <
to_split 6 -> to_split 6 <
to_split 7 -> to_split 7 <
to_split 8 -> to_split 8 <
to_split 9 -> to_split 9 <
to_split - -> to_split - <
to_split _ -> to_split _ <
to_split + -> to_split + <
to_split * -> to_split * <
to_split ^ -> to_split ^ <
to_split $ -> to_split $ <
to_split # -> to_split1 # ^
to_split < -> to_split < <
to_split > -> to_split > <
to_split ( -> to_split ( <
to_split ) -> to_split ) <
to_split r0 -> to_split r0 <
to_split r1 -> to_split r1 <
to_split l0 -> to_split l0 <
to_split l1 -> to_split l1 <
to_split f0 -> to_split f0 <
to_split f1 -> to_split f1 <
to_split t0 -> to_split t0 <
to_split t1 -> to_split t1 <
to_split | -> to_split | <
to_split a -> to_split a <
to_split o -> to_split o <

to_split1 # -> inc # <

inc 0 -> to_end 1 ^
inc 1 -> inc 0 <
inc _ -> to_end 1 ^

clear 0 -> clear 0 >
clear 1 -> clear 1 >
clear 2 -> clear 2 >
clear 3 -> clear 3 >
clear 4 -> clear 4 >
clear 5 -> clear 5 >
clear 6 -> clear 6 >
clear 7 -> clear 7 >
clear 8 -> clear 8 >
clear 9 -> clear 9 >
clear - -> clear - >
clear _ -> clear1 _ ^
clear + -> clear + >
clear * -> clear * >
clear ^ -> clear ^ >
clear $ -> clear $ >
clear # -> clear # >
clear < -> clear < >
clear > -> clear > >
clear ( -> clear ( >
clear ) -> clear ) >
clear r0 -> clear r0 >
clear r1 -> clear r1 >
clear l0 -> clear l0 >
clear l1 -> clear l1 >
clear f0 -> clear f0 >
clear f1 -> clear f1 >
clear t0 -> clear t0 >
clear t1 -> clear t1 >
clear | -> clear | >
clear a -> clear a >
clear o -> clear o >

clear1 _ -> clear2 _ <

clear2 0 -> clear2 _ <
clear2 1 -> clear2 _ <
clear2 2 -> clear2 _ <
clear2 3 -> clear2 _ <
clear2 4 -> clear2 _ <
clear2 5 -> clear2 _ <
clear2 6 -> clear2 _ <
clear2 7 -> clear2 _ <
clear2 8 -> clear2 _ <
clear2 9 -> clear2 _ <
clear2 - -> clear2 _ <
clear2 _ -> clear2 _ <
clear2 + -> clear2 _ <
clear2 * -> clear2 _ <
clear2 ^ -> clear2 _ <
clear2 $ -> clear2 _ <
clear2 # -> to_begin _ <
clear2 < -> clear2 _ <
clear2 > -> clear2 _ <
clear2 ( -> clear2 _ <
clear2 ) -> clear2 _ <
clear2 r0 -> clear2 _ <
clear2 r1 -> clear2 _ <
clear2 l0 -> clear2 _ <
clear2 l1 -> clear2 _ <
clear2 f0 -> clear2 _ <
clear2 f1 -> clear2 _ <
clear2 t0 -> clear2 _ <
clear2 t1 -> clear2 _ <
clear2 | -> clear2 _ <
clear2 a -> clear2 _ <
clear2 o -> clear2 _ <

