start: s
accept: ac
reject: rj
blank: _
s 0 -> prepare_fact 0 <
s 1 -> prepare_fact 1 <
s 2 -> prepare_fact 2 <
s 3 -> prepare_fact 3 <
s 4 -> prepare_fact 4 <
s 5 -> prepare_fact 5 <
s 6 -> prepare_fact 6 <
s 7 -> prepare_fact 7 <
s 8 -> prepare_fact 8 <
s 9 -> prepare_fact 9 <
s - -> prepare_fact - <
s _ -> prepare_fact _ <
s + -> prepare_fact + <
s * -> prepare_fact * <
s ^ -> prepare_fact ^ <
s $ -> prepare_fact $ <
s # -> prepare_fact # <
s < -> prepare_fact < <
s > -> prepare_fact > <
s ( -> prepare_fact ( <
s ) -> prepare_fact ) <
s r0 -> prepare_fact r0 <
s r1 -> prepare_fact r1 <
s l0 -> prepare_fact l0 <
s l1 -> prepare_fact l1 <
s f0 -> prepare_fact f0 <
s f1 -> prepare_fact f1 <
s t0 -> prepare_fact t0 <
s t1 -> prepare_fact t1 <
s | -> prepare_fact | <
s a -> prepare_fact a <
s o -> prepare_fact o <



prepare 0 -> prepare 0 <
prepare 1 -> prepare 1 <
prepare 2 -> prepare 2 <
prepare 3 -> prepare 3 <
prepare 4 -> prepare 4 <
prepare 5 -> prepare 5 <
prepare 6 -> prepare 6 <
prepare 7 -> prepare 7 <
prepare 8 -> prepare 8 <
prepare 9 -> prepare 9 <
prepare - -> prepare - <
prepare _ -> right_to_dec + ^
prepare + -> prepare + <
prepare * -> prepare * <
prepare ^ -> prepare ^ <
prepare $ -> prepare $ <
prepare # -> prepare # <
prepare < -> prepare < <
prepare > -> prepare > <
prepare ( -> prepare ( <
prepare ) -> prepare ) <
prepare r0 -> prepare r0 <
prepare r1 -> prepare r1 <
prepare l0 -> prepare l0 <
prepare l1 -> prepare l1 <
prepare f0 -> prepare f0 <
prepare f1 -> prepare f1 <
prepare t0 -> prepare t0 <
prepare t1 -> prepare t1 <
prepare | -> prepare | <
prepare a -> prepare a <
prepare o -> prepare o <

prepare_fact 0 -> prepare_fact 0 <
prepare_fact 1 -> prepare_fact 1 <
prepare_fact 2 -> prepare_fact 2 <
prepare_fact 3 -> prepare_fact 3 <
prepare_fact 4 -> prepare_fact 4 <
prepare_fact 5 -> prepare_fact 5 <
prepare_fact 6 -> prepare_fact 6 <
prepare_fact 7 -> prepare_fact 7 <
prepare_fact 8 -> prepare_fact 8 <
prepare_fact 9 -> prepare_fact 9 <
prepare_fact - -> prepare_fact - <
prepare_fact _ -> copy_fact | ^
prepare_fact + -> prepare_fact + <
prepare_fact * -> prepare_fact * <
prepare_fact ^ -> prepare_fact ^ <
prepare_fact $ -> prepare_fact $ <
prepare_fact # -> prepare_fact # <
prepare_fact < -> prepare_fact < <
prepare_fact > -> prepare_fact > <
prepare_fact ( -> prepare_fact ( <
prepare_fact ) -> prepare_fact ) <
prepare_fact r0 -> prepare_fact r0 <
prepare_fact r1 -> prepare_fact r1 <
prepare_fact l0 -> prepare_fact l0 <
prepare_fact l1 -> prepare_fact l1 <
prepare_fact f0 -> prepare_fact f0 <
prepare_fact f1 -> prepare_fact f1 <
prepare_fact t0 -> prepare_fact t0 <
prepare_fact t1 -> prepare_fact t1 <
prepare_fact | -> prepare_fact | <
prepare_fact a -> prepare_fact a <
prepare_fact o -> prepare_fact o <

copy_fact 0 -> copy_fact 0 >
copy_fact 1 -> copy_fact 1 >
copy_fact 2 -> copy_fact 2 >
copy_fact 3 -> copy_fact 3 >
copy_fact 4 -> copy_fact 4 >
copy_fact 5 -> copy_fact 5 >
copy_fact 6 -> copy_fact 6 >
copy_fact 7 -> copy_fact 7 >
copy_fact 8 -> copy_fact 8 >
copy_fact 9 -> copy_fact 9 >
copy_fact - -> copy_fact - >
copy_fact _ -> copy_fact2 _ <
copy_fact + -> copy_fact + >
copy_fact * -> copy_fact * >
copy_fact ^ -> copy_fact ^ >
copy_fact $ -> copy_fact $ >
copy_fact # -> copy_fact # >
copy_fact < -> copy_fact < >
copy_fact > -> copy_fact > >
copy_fact ( -> copy_fact ( >
copy_fact ) -> copy_fact ) >
copy_fact r0 -> copy_fact r0 >
copy_fact r1 -> copy_fact r1 >
copy_fact l0 -> copy_fact l0 >
copy_fact l1 -> copy_fact l1 >
copy_fact f0 -> copy_fact2 f0 <
copy_fact f1 -> copy_fact2 f1 <
copy_fact t0 -> copy_fact t0 >
copy_fact t1 -> copy_fact t1 >
copy_fact | -> copy_fact | >
copy_fact a -> copy_fact a >
copy_fact o -> copy_fact o >

copy_fact2 0 -> copy_fact_left0t f0 <
copy_fact2 1 -> copy_fact_left1t f1 <
copy_fact2 | -> restore_fact | ^

copy_fact_left0t 0 -> copy_fact_left0t 0 <
copy_fact_left0t 1 -> copy_fact_left0t 1 <
copy_fact_left0t 2 -> copy_fact_left0t 2 <
copy_fact_left0t 3 -> copy_fact_left0t 3 <
copy_fact_left0t 4 -> copy_fact_left0t 4 <
copy_fact_left0t 5 -> copy_fact_left0t 5 <
copy_fact_left0t 6 -> copy_fact_left0t 6 <
copy_fact_left0t 7 -> copy_fact_left0t 7 <
copy_fact_left0t 8 -> copy_fact_left0t 8 <
copy_fact_left0t 9 -> copy_fact_left0t 9 <
copy_fact_left0t - -> copy_fact_left0t - <
copy_fact_left0t _ -> copy_fact_left0t _ <
copy_fact_left0t + -> copy_fact_left0t + <
copy_fact_left0t * -> copy_fact_left0t * <
copy_fact_left0t ^ -> copy_fact_left0t ^ <
copy_fact_left0t $ -> copy_fact_left0t $ <
copy_fact_left0t # -> copy_fact_left0t # <
copy_fact_left0t < -> copy_fact_left0t < <
copy_fact_left0t > -> copy_fact_left0t > <
copy_fact_left0t ( -> copy_fact_left0t ( <
copy_fact_left0t ) -> copy_fact_left0t ) <
copy_fact_left0t r0 -> copy_fact_left0t r0 <
copy_fact_left0t r1 -> copy_fact_left0t r1 <
copy_fact_left0t l0 -> copy_fact_left0t l0 <
copy_fact_left0t l1 -> copy_fact_left0t l1 <
copy_fact_left0t f0 -> copy_fact_left0t f0 <
copy_fact_left0t f1 -> copy_fact_left0t f1 <
copy_fact_left0t t0 -> copy_fact_left0t t0 <
copy_fact_left0t t1 -> copy_fact_left0t t1 <
copy_fact_left0t | -> copy_fact_left0 | ^
copy_fact_left0t a -> copy_fact_left0t a <
copy_fact_left0t o -> copy_fact_left0t o <

copy_fact_left0 0 -> copy_fact t0 ^
copy_fact_left0 1 -> copy_fact t0 ^
copy_fact_left0 2 -> copy_fact_left0 2 <
copy_fact_left0 3 -> copy_fact_left0 3 <
copy_fact_left0 4 -> copy_fact_left0 4 <
copy_fact_left0 5 -> copy_fact_left0 5 <
copy_fact_left0 6 -> copy_fact_left0 6 <
copy_fact_left0 7 -> copy_fact_left0 7 <
copy_fact_left0 8 -> copy_fact_left0 8 <
copy_fact_left0 9 -> copy_fact_left0 9 <
copy_fact_left0 - -> copy_fact t0 ^
copy_fact_left0 _ -> copy_fact t0 ^
copy_fact_left0 + -> copy_fact_left0 + <
copy_fact_left0 * -> copy_fact_left0 * <
copy_fact_left0 ^ -> copy_fact_left0 ^ <
copy_fact_left0 $ -> copy_fact_left0 $ <
copy_fact_left0 # -> copy_fact_left0 # <
copy_fact_left0 < -> copy_fact_left0 < <
copy_fact_left0 > -> copy_fact_left0 > <
copy_fact_left0 ( -> copy_fact_left0 ( <
copy_fact_left0 ) -> copy_fact_left0 ) <
copy_fact_left0 r0 -> copy_fact_left0 r0 <
copy_fact_left0 r1 -> copy_fact_left0 r1 <
copy_fact_left0 l0 -> copy_fact_left0 l0 <
copy_fact_left0 l1 -> copy_fact_left0 l1 <
copy_fact_left0 f0 -> copy_fact_left0 f0 <
copy_fact_left0 f1 -> copy_fact_left0 f1 <
copy_fact_left0 t0 -> copy_fact_left0 t0 <
copy_fact_left0 t1 -> copy_fact_left0 t1 <
copy_fact_left0 | -> copy_fact_left0 | <
copy_fact_left0 a -> copy_fact_left0 a <
copy_fact_left0 o -> copy_fact_left0 o <

copy_fact_left1t 0 -> copy_fact_left1t 0 <
copy_fact_left1t 1 -> copy_fact_left1t 1 <
copy_fact_left1t 2 -> copy_fact_left1t 2 <
copy_fact_left1t 3 -> copy_fact_left1t 3 <
copy_fact_left1t 4 -> copy_fact_left1t 4 <
copy_fact_left1t 5 -> copy_fact_left1t 5 <
copy_fact_left1t 6 -> copy_fact_left1t 6 <
copy_fact_left1t 7 -> copy_fact_left1t 7 <
copy_fact_left1t 8 -> copy_fact_left1t 8 <
copy_fact_left1t 9 -> copy_fact_left1t 9 <
copy_fact_left1t - -> copy_fact_left1t - <
copy_fact_left1t _ -> copy_fact_left1t _ <
copy_fact_left1t + -> copy_fact_left1t + <
copy_fact_left1t * -> copy_fact_left1t * <
copy_fact_left1t ^ -> copy_fact_left1t ^ <
copy_fact_left1t $ -> copy_fact_left1t $ <
copy_fact_left1t # -> copy_fact_left1t # <
copy_fact_left1t < -> copy_fact_left1t < <
copy_fact_left1t > -> copy_fact_left1t > <
copy_fact_left1t ( -> copy_fact_left1t ( <
copy_fact_left1t ) -> copy_fact_left1t ) <
copy_fact_left1t r0 -> copy_fact_left1t r0 <
copy_fact_left1t r1 -> copy_fact_left1t r1 <
copy_fact_left1t l0 -> copy_fact_left1t l0 <
copy_fact_left1t l1 -> copy_fact_left1t l1 <
copy_fact_left1t f0 -> copy_fact_left1t f0 <
copy_fact_left1t f1 -> copy_fact_left1t f1 <
copy_fact_left1t t0 -> copy_fact_left1t t0 <
copy_fact_left1t t1 -> copy_fact_left1t t1 <
copy_fact_left1t | -> copy_fact_left1 | ^
copy_fact_left1t a -> copy_fact_left1t a <
copy_fact_left1t o -> copy_fact_left1t o <

copy_fact_left1 0 -> copy_fact t1 ^
copy_fact_left1 1 -> copy_fact t1 ^
copy_fact_left1 2 -> copy_fact_left1 2 <
copy_fact_left1 3 -> copy_fact_left1 3 <
copy_fact_left1 4 -> copy_fact_left1 4 <
copy_fact_left1 5 -> copy_fact_left1 5 <
copy_fact_left1 6 -> copy_fact_left1 6 <
copy_fact_left1 7 -> copy_fact_left1 7 <
copy_fact_left1 8 -> copy_fact_left1 8 <
copy_fact_left1 9 -> copy_fact_left1 9 <
copy_fact_left1 - -> copy_fact t1 ^
copy_fact_left1 _ -> copy_fact t1 ^
copy_fact_left1 + -> copy_fact_left1 + <
copy_fact_left1 * -> copy_fact_left1 * <
copy_fact_left1 ^ -> copy_fact_left1 ^ <
copy_fact_left1 $ -> copy_fact_left1 $ <
copy_fact_left1 # -> copy_fact_left1 # <
copy_fact_left1 < -> copy_fact_left1 < <
copy_fact_left1 > -> copy_fact_left1 > <
copy_fact_left1 ( -> copy_fact_left1 ( <
copy_fact_left1 ) -> copy_fact_left1 ) <
copy_fact_left1 r0 -> copy_fact_left1 r0 <
copy_fact_left1 r1 -> copy_fact_left1 r1 <
copy_fact_left1 l0 -> copy_fact_left1 l0 <
copy_fact_left1 l1 -> copy_fact_left1 l1 <
copy_fact_left1 f0 -> copy_fact_left1 f0 <
copy_fact_left1 f1 -> copy_fact_left1 f1 <
copy_fact_left1 t0 -> copy_fact_left1 t0 <
copy_fact_left1 t1 -> copy_fact_left1 t1 <
copy_fact_left1 | -> copy_fact_left1 | <
copy_fact_left1 a -> copy_fact_left1 a <
copy_fact_left1 o -> copy_fact_left1 o <

restore_fact 0 -> restore_fact 0 <
restore_fact 1 -> restore_fact 1 <
restore_fact 2 -> restore_fact 2 <
restore_fact 3 -> restore_fact 3 <
restore_fact 4 -> restore_fact 4 <
restore_fact 5 -> restore_fact 5 <
restore_fact 6 -> restore_fact 6 <
restore_fact 7 -> restore_fact 7 <
restore_fact 8 -> restore_fact 8 <
restore_fact 9 -> restore_fact 9 <
restore_fact - -> restore_fact1 - >
restore_fact _ -> restore_fact1 _ >
restore_fact + -> restore_fact + <
restore_fact * -> restore_fact1 * >
restore_fact ^ -> restore_fact ^ <
restore_fact $ -> restore_fact $ <
restore_fact # -> restore_fact # <
restore_fact < -> restore_fact < <
restore_fact > -> restore_fact > <
restore_fact ( -> restore_fact ( <
restore_fact ) -> restore_fact ) <
restore_fact r0 -> restore_fact r0 <
restore_fact r1 -> restore_fact r1 <
restore_fact l0 -> restore_fact l0 <
restore_fact l1 -> restore_fact l1 <
restore_fact f0 -> restore_fact f0 <
restore_fact f1 -> restore_fact f1 <
restore_fact t0 -> restore_fact t0 <
restore_fact t1 -> restore_fact t1 <
restore_fact | -> restore_fact | <
restore_fact a -> restore_fact a <
restore_fact o -> restore_fact o <

restore_fact1 _ -> fact_mult _ <
restore_fact1 f0 -> restore_fact1 0 >
restore_fact1 f1 -> restore_fact1 1 >
restore_fact1 t0 -> restore_fact1 0 >
restore_fact1 t1 -> restore_fact1 1 >
restore_fact1 | -> restore_fact1 | >

fact_mult 0 -> fact_mult 0 <
fact_mult 1 -> fact_mult 1 <
fact_mult 2 -> fact_mult 2 <
fact_mult 3 -> fact_mult 3 <
fact_mult 4 -> fact_mult 4 <
fact_mult 5 -> fact_mult 5 <
fact_mult 6 -> fact_mult 6 <
fact_mult 7 -> fact_mult 7 <
fact_mult 8 -> fact_mult 8 <
fact_mult 9 -> fact_mult 9 <
fact_mult - -> fact_mult 0 <
fact_mult _ -> fact_mult_init _ ^
fact_mult + -> fact_mult + <
fact_mult * -> fact_mult1 * ^
fact_mult ^ -> fact_mult ^ <
fact_mult $ -> fact_mult $ <
fact_mult # -> fact_mult # <
fact_mult < -> fact_mult < <
fact_mult > -> fact_mult > <
fact_mult ( -> fact_mult ( <
fact_mult ) -> fact_mult ) <
fact_mult r0 -> fact_mult r0 <
fact_mult r1 -> fact_mult r1 <
fact_mult l0 -> fact_mult l0 <
fact_mult l1 -> fact_mult l1 <
fact_mult f0 -> fact_mult f0 <
fact_mult f1 -> fact_mult f1 <
fact_mult t0 -> fact_mult t0 <
fact_mult t1 -> fact_mult t1 <
fact_mult | -> fact_mult | <
fact_mult a -> fact_mult a <
fact_mult o -> fact_mult o <

fact_mult_init _ -> fact_mult_init1 * <

fact_mult_init1 _ -> prepare 1 ^

fact_mult1 0 -> fact_mult1 0 <
fact_mult1 1 -> fact_mult1 1 <
fact_mult1 2 -> fact_mult1 2 <
fact_mult1 3 -> fact_mult1 3 <
fact_mult1 4 -> fact_mult1 4 <
fact_mult1 5 -> fact_mult1 5 <
fact_mult1 6 -> fact_mult1 6 <
fact_mult1 7 -> fact_mult1 7 <
fact_mult1 8 -> fact_mult1 8 <
fact_mult1 9 -> fact_mult1 9 <
fact_mult1 - -> fact_mult1 - <
fact_mult1 _ -> prepare _ ^
fact_mult1 + -> fact_mult1 + <
fact_mult1 * -> fact_mult1 * <
fact_mult1 ^ -> fact_mult1 ^ <
fact_mult1 $ -> fact_mult1 $ <
fact_mult1 # -> fact_mult1 # <
fact_mult1 < -> fact_mult1 < <
fact_mult1 > -> fact_mult1 > <
fact_mult1 ( -> fact_mult1 ( <
fact_mult1 ) -> fact_mult1 ) <
fact_mult1 r0 -> fact_mult1 r0 <
fact_mult1 r1 -> fact_mult1 r1 <
fact_mult1 l0 -> fact_mult1 l0 <
fact_mult1 l1 -> fact_mult1 l1 <
fact_mult1 f0 -> fact_mult1 f0 <
fact_mult1 f1 -> fact_mult1 f1 <
fact_mult1 t0 -> fact_mult1 t0 <
fact_mult1 t1 -> fact_mult1 t1 <
fact_mult1 | -> fact_mult1 | <
fact_mult1 a -> fact_mult1 a <
fact_mult1 o -> fact_mult1 o <

right_to_num0 0 -> right_to_num0 0 >
right_to_num0 1 -> right_to_num0 1 >
right_to_num0 2 -> right_to_num0 2 >
right_to_num0 3 -> right_to_num0 3 >
right_to_num0 4 -> right_to_num0 4 >
right_to_num0 5 -> right_to_num0 5 >
right_to_num0 6 -> right_to_num0 6 >
right_to_num0 7 -> right_to_num0 7 >
right_to_num0 8 -> right_to_num0 8 >
right_to_num0 9 -> right_to_num0 9 >
right_to_num0 - -> right_to_num0 - >
right_to_num0 _ -> right_to_num0 _ >
right_to_num0 + -> right_to_num0 + >
right_to_num0 * -> right_to_num0t * <
right_to_num0 ^ -> right_to_num0 ^ >
right_to_num0 $ -> right_to_num0 $ >
right_to_num0 # -> right_to_num0 # >
right_to_num0 < -> right_to_num0 < >
right_to_num0 > -> right_to_num0 > >
right_to_num0 ( -> right_to_num0 ( >
right_to_num0 ) -> right_to_num0 ) >
right_to_num0 r0 -> right_to_num0t r0 <
right_to_num0 r1 -> right_to_num0t r1 <
right_to_num0 l0 -> right_to_num0 l0 >
right_to_num0 l1 -> right_to_num0 l1 >
right_to_num0 f0 -> right_to_num0 f0 >
right_to_num0 f1 -> right_to_num0 f1 >
right_to_num0 t0 -> right_to_num0 t0 >
right_to_num0 t1 -> right_to_num0 t1 >
right_to_num0 | -> right_to_num0 | >
right_to_num0 a -> right_to_num0 a >
right_to_num0 o -> right_to_num0 o >

right_to_num0t 0 -> left_to_add0 r0 ^
right_to_num0t 1 -> left_to_add1 r1 ^
right_to_num0t + -> clear_left + ^

left_to_add0 0 -> left_to_add0 0 <
left_to_add0 1 -> left_to_add0 1 <
left_to_add0 2 -> left_to_add0 2 <
left_to_add0 3 -> left_to_add0 3 <
left_to_add0 4 -> left_to_add0 4 <
left_to_add0 5 -> left_to_add0 5 <
left_to_add0 6 -> left_to_add0 6 <
left_to_add0 7 -> left_to_add0 7 <
left_to_add0 8 -> left_to_add0 8 <
left_to_add0 9 -> left_to_add0 9 <
left_to_add0 - -> left_to_add0 - <
left_to_add0 _ -> left_to_add0 _ <
left_to_add0 + -> left_to_add0t + ^
left_to_add0 * -> left_to_add0 * <
left_to_add0 ^ -> left_to_add0 ^ <
left_to_add0 $ -> left_to_add0 $ <
left_to_add0 # -> left_to_add0 # <
left_to_add0 < -> left_to_add0 < <
left_to_add0 > -> left_to_add0 > <
left_to_add0 ( -> left_to_add0 ( <
left_to_add0 ) -> left_to_add0 ) <
left_to_add0 r0 -> left_to_add0 r0 <
left_to_add0 r1 -> left_to_add0 r1 <
left_to_add0 l0 -> left_to_add0 l0 <
left_to_add0 l1 -> left_to_add0 l1 <
left_to_add0 f0 -> left_to_add0 f0 <
left_to_add0 f1 -> left_to_add0 f1 <
left_to_add0 t0 -> left_to_add0 t0 <
left_to_add0 t1 -> left_to_add0 t1 <
left_to_add0 | -> left_to_add0 | <
left_to_add0 a -> left_to_add0 a <
left_to_add0 o -> left_to_add0 o <

left_to_add0t 0 -> add0 0 ^
left_to_add0t 1 -> add0 1 ^
left_to_add0t 2 -> left_to_add0t 2 <
left_to_add0t 3 -> left_to_add0t 3 <
left_to_add0t 4 -> left_to_add0t 4 <
left_to_add0t 5 -> left_to_add0t 5 <
left_to_add0t 6 -> left_to_add0t 6 <
left_to_add0t 7 -> left_to_add0t 7 <
left_to_add0t 8 -> left_to_add0t 8 <
left_to_add0t 9 -> left_to_add0t 9 <
left_to_add0t - -> left_to_add0t - <
left_to_add0t _ -> add0 _ ^
left_to_add0t + -> left_to_add0t + <
left_to_add0t * -> left_to_add0t * <
left_to_add0t ^ -> left_to_add0t ^ <
left_to_add0t $ -> left_to_add0t $ <
left_to_add0t # -> left_to_add0t # <
left_to_add0t < -> left_to_add0t < <
left_to_add0t > -> left_to_add0t > <
left_to_add0t ( -> left_to_add0t ( <
left_to_add0t ) -> left_to_add0t ) <
left_to_add0t r0 -> left_to_add0t r0 <
left_to_add0t r1 -> left_to_add0t r1 <
left_to_add0t l0 -> left_to_add0t l0 <
left_to_add0t l1 -> left_to_add0t l1 <
left_to_add0t f0 -> left_to_add0t f0 <
left_to_add0t f1 -> left_to_add0t f1 <
left_to_add0t t0 -> left_to_add0t t0 <
left_to_add0t t1 -> left_to_add0t t1 <
left_to_add0t | -> left_to_add0t | <
left_to_add0t a -> left_to_add0t a <
left_to_add0t o -> left_to_add0t o <

add0 0 -> right_to_num0 l0 ^
add0 1 -> right_to_num0 l1 ^
add0 _ -> right_to_num0 l0 ^

right_to_num1 0 -> right_to_num1 0 >
right_to_num1 1 -> right_to_num1 1 >
right_to_num1 2 -> right_to_num1 2 >
right_to_num1 3 -> right_to_num1 3 >
right_to_num1 4 -> right_to_num1 4 >
right_to_num1 5 -> right_to_num1 5 >
right_to_num1 6 -> right_to_num1 6 >
right_to_num1 7 -> right_to_num1 7 >
right_to_num1 8 -> right_to_num1 8 >
right_to_num1 9 -> right_to_num1 9 >
right_to_num1 - -> right_to_num1 - >
right_to_num1 _ -> right_to_num1 _ >
right_to_num1 + -> right_to_num1 + >
right_to_num1 * -> right_to_num1t * <
right_to_num1 ^ -> right_to_num1 ^ >
right_to_num1 $ -> right_to_num1 $ >
right_to_num1 # -> right_to_num1 # >
right_to_num1 < -> right_to_num1 < >
right_to_num1 > -> right_to_num1 > >
right_to_num1 ( -> right_to_num1 ( >
right_to_num1 ) -> right_to_num1 ) >
right_to_num1 r0 -> right_to_num1t r0 <
right_to_num1 r1 -> right_to_num1t r1 <
right_to_num1 l0 -> right_to_num1 l0 >
right_to_num1 l1 -> right_to_num1 l1 >
right_to_num1 f0 -> right_to_num1 f0 >
right_to_num1 f1 -> right_to_num1 f1 >
right_to_num1 t0 -> right_to_num1 t0 >
right_to_num1 t1 -> right_to_num1 t1 >
right_to_num1 | -> right_to_num1 | >
right_to_num1 a -> right_to_num1 a >
right_to_num1 o -> right_to_num1 o >

right_to_num1t 0 -> left_to_add1 r0 ^
right_to_num1t 1 -> left_to_add10 r1 ^
right_to_num1t + -> left_to_add1 + ^

left_to_add1 0 -> left_to_add1 0 <
left_to_add1 1 -> left_to_add1 1 <
left_to_add1 2 -> left_to_add1 2 <
left_to_add1 3 -> left_to_add1 3 <
left_to_add1 4 -> left_to_add1 4 <
left_to_add1 5 -> left_to_add1 5 <
left_to_add1 6 -> left_to_add1 6 <
left_to_add1 7 -> left_to_add1 7 <
left_to_add1 8 -> left_to_add1 8 <
left_to_add1 9 -> left_to_add1 9 <
left_to_add1 - -> left_to_add1 - <
left_to_add1 _ -> left_to_add1 _ <
left_to_add1 + -> left_to_add1t + ^
left_to_add1 * -> left_to_add1 * <
left_to_add1 ^ -> left_to_add1 ^ <
left_to_add1 $ -> left_to_add1 $ <
left_to_add1 # -> left_to_add1 # <
left_to_add1 < -> left_to_add1 < <
left_to_add1 > -> left_to_add1 > <
left_to_add1 ( -> left_to_add1 ( <
left_to_add1 ) -> left_to_add1 ) <
left_to_add1 r0 -> left_to_add1 r0 <
left_to_add1 r1 -> left_to_add1 r1 <
left_to_add1 l0 -> left_to_add1 l0 <
left_to_add1 l1 -> left_to_add1 l1 <
left_to_add1 f0 -> left_to_add1 f0 <
left_to_add1 f1 -> left_to_add1 f1 <
left_to_add1 t0 -> left_to_add1 t0 <
left_to_add1 t1 -> left_to_add1 t1 <
left_to_add1 | -> left_to_add1 | <
left_to_add1 a -> left_to_add1 a <
left_to_add1 o -> left_to_add1 o <

left_to_add1t 0 -> add1 0 ^
left_to_add1t 1 -> add1 1 ^
left_to_add1t 2 -> left_to_add1t 2 <
left_to_add1t 3 -> left_to_add1t 3 <
left_to_add1t 4 -> left_to_add1t 4 <
left_to_add1t 5 -> left_to_add1t 5 <
left_to_add1t 6 -> left_to_add1t 6 <
left_to_add1t 7 -> left_to_add1t 7 <
left_to_add1t 8 -> left_to_add1t 8 <
left_to_add1t 9 -> left_to_add1t 9 <
left_to_add1t - -> left_to_add1t - <
left_to_add1t _ -> add1 _ ^
left_to_add1t + -> left_to_add1t + <
left_to_add1t * -> left_to_add1t * <
left_to_add1t ^ -> left_to_add1t ^ <
left_to_add1t $ -> left_to_add1t $ <
left_to_add1t # -> left_to_add1t # <
left_to_add1t < -> left_to_add1t < <
left_to_add1t > -> left_to_add1t > <
left_to_add1t ( -> left_to_add1t ( <
left_to_add1t ) -> left_to_add1t ) <
left_to_add1t r0 -> left_to_add1t r0 <
left_to_add1t r1 -> left_to_add1t r1 <
left_to_add1t l0 -> left_to_add1t l0 <
left_to_add1t l1 -> left_to_add1t l1 <
left_to_add1t f0 -> left_to_add1t f0 <
left_to_add1t f1 -> left_to_add1t f1 <
left_to_add1t t0 -> left_to_add1t t0 <
left_to_add1t t1 -> left_to_add1t t1 <
left_to_add1t | -> left_to_add1t | <
left_to_add1t a -> left_to_add1t a <
left_to_add1t o -> left_to_add1t o <

add1 0 -> right_to_num0 l1 ^
add1 1 -> right_to_num1 l0 ^
add1 _ -> right_to_num0 l1 ^

right_to_num10 0 -> right_to_num10 0 >
right_to_num10 1 -> right_to_num10 1 >
right_to_num10 2 -> right_to_num10 2 >
right_to_num10 3 -> right_to_num10 3 >
right_to_num10 4 -> right_to_num10 4 >
right_to_num10 5 -> right_to_num10 5 >
right_to_num10 6 -> right_to_num10 6 >
right_to_num10 7 -> right_to_num10 7 >
right_to_num10 8 -> right_to_num10 8 >
right_to_num10 9 -> right_to_num10 9 >
right_to_num10 - -> right_to_num10 - >
right_to_num10 _ -> right_to_num10 _ >
right_to_num10 + -> right_to_num10 + >
right_to_num10 * -> right_to_num10t * <
right_to_num10 ^ -> right_to_num10 ^ >
right_to_num10 $ -> right_to_num10 $ >
right_to_num10 # -> right_to_num10 # >
right_to_num10 < -> right_to_num10 < >
right_to_num10 > -> right_to_num10 > >
right_to_num10 ( -> right_to_num10 ( >
right_to_num10 ) -> right_to_num10 ) >
right_to_num10 r0 -> right_to_num10t r0 <
right_to_num10 r1 -> right_to_num10t r1 <
right_to_num10 l0 -> right_to_num10 l0 >
right_to_num10 l1 -> right_to_num10 l1 >
right_to_num10 f0 -> right_to_num10 f0 >
right_to_num10 f1 -> right_to_num10 f1 >
right_to_num10 t0 -> right_to_num10 t0 >
right_to_num10 t1 -> right_to_num10 t1 >
right_to_num10 | -> right_to_num10 | >
right_to_num10 a -> right_to_num10 a >
right_to_num10 o -> right_to_num10 o >

right_to_num10t 0 -> left_to_add10 r0 ^
right_to_num10t 1 -> rj r1 ^
right_to_num10t + -> left_to_add10 + ^

left_to_add10 0 -> left_to_add10 0 <
left_to_add10 1 -> left_to_add10 1 <
left_to_add10 2 -> left_to_add10 2 <
left_to_add10 3 -> left_to_add10 3 <
left_to_add10 4 -> left_to_add10 4 <
left_to_add10 5 -> left_to_add10 5 <
left_to_add10 6 -> left_to_add10 6 <
left_to_add10 7 -> left_to_add10 7 <
left_to_add10 8 -> left_to_add10 8 <
left_to_add10 9 -> left_to_add10 9 <
left_to_add10 - -> left_to_add10 - <
left_to_add10 _ -> left_to_add10 _ <
left_to_add10 + -> left_to_add10t + ^
left_to_add10 * -> left_to_add10 * <
left_to_add10 ^ -> left_to_add10 ^ <
left_to_add10 $ -> left_to_add10 $ <
left_to_add10 # -> left_to_add10 # <
left_to_add10 < -> left_to_add10 < <
left_to_add10 > -> left_to_add10 > <
left_to_add10 ( -> left_to_add10 ( <
left_to_add10 ) -> left_to_add10 ) <
left_to_add10 r0 -> left_to_add10 r0 <
left_to_add10 r1 -> left_to_add10 r1 <
left_to_add10 l0 -> left_to_add10 l0 <
left_to_add10 l1 -> left_to_add10 l1 <
left_to_add10 f0 -> left_to_add10 f0 <
left_to_add10 f1 -> left_to_add10 f1 <
left_to_add10 t0 -> left_to_add10 t0 <
left_to_add10 t1 -> left_to_add10 t1 <
left_to_add10 | -> left_to_add10 | <
left_to_add10 a -> left_to_add10 a <
left_to_add10 o -> left_to_add10 o <

left_to_add10t 0 -> add10 0 ^
left_to_add10t 1 -> add10 1 ^
left_to_add10t 2 -> left_to_add10t 2 <
left_to_add10t 3 -> left_to_add10t 3 <
left_to_add10t 4 -> left_to_add10t 4 <
left_to_add10t 5 -> left_to_add10t 5 <
left_to_add10t 6 -> left_to_add10t 6 <
left_to_add10t 7 -> left_to_add10t 7 <
left_to_add10t 8 -> left_to_add10t 8 <
left_to_add10t 9 -> left_to_add10t 9 <
left_to_add10t - -> left_to_add10t - <
left_to_add10t _ -> add10 _ ^
left_to_add10t + -> left_to_add10t + <
left_to_add10t * -> left_to_add10t * <
left_to_add10t ^ -> left_to_add10t ^ <
left_to_add10t $ -> left_to_add10t $ <
left_to_add10t # -> left_to_add10t # <
left_to_add10t < -> left_to_add10t < <
left_to_add10t > -> left_to_add10t > <
left_to_add10t ( -> left_to_add10t ( <
left_to_add10t ) -> left_to_add10t ) <
left_to_add10t r0 -> left_to_add10t r0 <
left_to_add10t r1 -> left_to_add10t r1 <
left_to_add10t l0 -> left_to_add10t l0 <
left_to_add10t l1 -> left_to_add10t l1 <
left_to_add10t f0 -> left_to_add10t f0 <
left_to_add10t f1 -> left_to_add10t f1 <
left_to_add10t t0 -> left_to_add10t t0 <
left_to_add10t t1 -> left_to_add10t t1 <
left_to_add10t | -> left_to_add10t | <
left_to_add10t a -> left_to_add10t a <
left_to_add10t o -> left_to_add10t o <

add10 0 -> right_to_num1 l0 ^
add10 1 -> right_to_num1 l1 ^
add10 _ -> right_to_num1 l0 ^

clear_left 0 -> clear_left 0 <
clear_left 1 -> clear_left 1 <
clear_left 2 -> clear_left 2 <
clear_left 3 -> clear_left 3 <
clear_left 4 -> clear_left 4 <
clear_left 5 -> clear_left 5 <
clear_left 6 -> clear_left 6 <
clear_left 7 -> clear_left 7 <
clear_left 8 -> clear_left 8 <
clear_left 9 -> clear_left 9 <
clear_left - -> clear_left - <
clear_left _ -> clear_left1 _ ^
clear_left + -> clear_left + <
clear_left * -> clear_left * <
clear_left ^ -> clear_left ^ <
clear_left $ -> clear_left $ <
clear_left # -> clear_left # <
clear_left < -> clear_left < <
clear_left > -> clear_left > <
clear_left ( -> clear_left ( <
clear_left ) -> clear_left ) <
clear_left r0 -> clear_left r0 <
clear_left r1 -> clear_left r1 <
clear_left l0 -> clear_left l0 <
clear_left l1 -> clear_left l1 <
clear_left f0 -> clear_left f0 <
clear_left f1 -> clear_left f1 <
clear_left t0 -> clear_left t0 <
clear_left t1 -> clear_left t1 <
clear_left | -> clear_left | <
clear_left a -> clear_left a <
clear_left o -> clear_left o <

clear_left1 _ -> clear _ >

clear 0 -> clear 0 >
clear 1 -> clear 1 >
clear 2 -> clear 2 >
clear 3 -> clear 3 >
clear 4 -> clear 4 >
clear 5 -> clear 5 >
clear 6 -> clear 6 >
clear 7 -> clear 7 >
clear 8 -> clear 8 >
clear 9 -> clear 9 >
clear - -> clear - >
clear _ -> clear _ >
clear + -> clear + >
clear * -> right_to_dec * ^
clear ^ -> clear ^ >
clear $ -> clear $ >
clear # -> clear # >
clear < -> clear < >
clear > -> clear > >
clear ( -> clear ( >
clear ) -> clear ) >
clear r0 -> clear 0 >
clear r1 -> clear 1 >
clear l0 -> clear 0 >
clear l1 -> clear 1 >
clear f0 -> clear f0 >
clear f1 -> clear f1 >
clear t0 -> clear t0 >
clear t1 -> clear t1 >
clear | -> clear | >
clear a -> clear a >
clear o -> clear o >

right_to_dec 0 -> right_to_dec 0 >
right_to_dec 1 -> right_to_dec 1 >
right_to_dec 2 -> right_to_dec 2 >
right_to_dec 3 -> right_to_dec 3 >
right_to_dec 4 -> right_to_dec 4 >
right_to_dec 5 -> right_to_dec 5 >
right_to_dec 6 -> right_to_dec 6 >
right_to_dec 7 -> right_to_dec 7 >
right_to_dec 8 -> right_to_dec 8 >
right_to_dec 9 -> right_to_dec 9 >
right_to_dec - -> right_to_dec - >
right_to_dec _ -> right_to_dec _ >
right_to_dec + -> right_to_dec + >
right_to_dec * -> right_to_dec * >
right_to_dec ^ -> right_to_dec ^ >
right_to_dec $ -> right_to_dec $ >
right_to_dec # -> right_to_dec # >
right_to_dec < -> right_to_dec < >
right_to_dec > -> right_to_dec > >
right_to_dec ( -> right_to_dec ( >
right_to_dec ) -> right_to_dec ) >
right_to_dec r0 -> right_to_dec r0 >
right_to_dec r1 -> right_to_dec r1 >
right_to_dec l0 -> right_to_dec l0 >
right_to_dec l1 -> right_to_dec l1 >
right_to_dec f0 -> right_to_dec f0 >
right_to_dec f1 -> right_to_dec f1 >
right_to_dec t0 -> right_to_dec t0 >
right_to_dec t1 -> right_to_dec t1 >
right_to_dec | -> right_to_dec1 | ^
right_to_dec a -> right_to_dec a >
right_to_dec o -> right_to_dec o >

right_to_dec1 | -> dec | <

dec 0 -> dec 1 <
dec 1 -> left_to_mul_add 0 ^
dec * -> clear_mul * ^

left_to_mul_add 0 -> left_to_mul_add 0 <
left_to_mul_add 1 -> left_to_mul_add 1 <
left_to_mul_add 2 -> left_to_mul_add 2 <
left_to_mul_add 3 -> left_to_mul_add 3 <
left_to_mul_add 4 -> left_to_mul_add 4 <
left_to_mul_add 5 -> left_to_mul_add 5 <
left_to_mul_add 6 -> left_to_mul_add 6 <
left_to_mul_add 7 -> left_to_mul_add 7 <
left_to_mul_add 8 -> left_to_mul_add 8 <
left_to_mul_add 9 -> left_to_mul_add 9 <
left_to_mul_add - -> left_to_mul_add - <
left_to_mul_add _ -> left_to_mul_add _ <
left_to_mul_add + -> left_to_mul_add1 + ^
left_to_mul_add * -> left_to_mul_add * <
left_to_mul_add ^ -> left_to_mul_add ^ <
left_to_mul_add $ -> left_to_mul_add $ <
left_to_mul_add # -> left_to_mul_add # <
left_to_mul_add < -> left_to_mul_add < <
left_to_mul_add > -> left_to_mul_add > <
left_to_mul_add ( -> left_to_mul_add ( <
left_to_mul_add ) -> left_to_mul_add ) <
left_to_mul_add r0 -> left_to_mul_add r0 <
left_to_mul_add r1 -> left_to_mul_add r1 <
left_to_mul_add l0 -> left_to_mul_add l0 <
left_to_mul_add l1 -> left_to_mul_add l1 <
left_to_mul_add f0 -> left_to_mul_add f0 <
left_to_mul_add f1 -> left_to_mul_add f1 <
left_to_mul_add t0 -> left_to_mul_add t0 <
left_to_mul_add t1 -> left_to_mul_add t1 <
left_to_mul_add | -> left_to_mul_add | <
left_to_mul_add a -> left_to_mul_add a <
left_to_mul_add o -> left_to_mul_add o <

left_to_mul_add1 + -> right_to_num0 + ^

clear_mul 0 -> clear_mul 0 >
clear_mul 1 -> clear_mul 1 >
clear_mul 2 -> clear_mul 2 >
clear_mul 3 -> clear_mul 3 >
clear_mul 4 -> clear_mul 4 >
clear_mul 5 -> clear_mul 5 >
clear_mul 6 -> clear_mul 6 >
clear_mul 7 -> clear_mul 7 >
clear_mul 8 -> clear_mul 8 >
clear_mul 9 -> clear_mul 9 >
clear_mul - -> clear_mul - >
clear_mul _ -> clear_mul _ >
clear_mul + -> clear_mul + >
clear_mul * -> clear_mul * >
clear_mul ^ -> clear_mul ^ >
clear_mul $ -> clear_mul $ >
clear_mul # -> clear_mul # >
clear_mul < -> clear_mul < >
clear_mul > -> clear_mul > >
clear_mul ( -> clear_mul ( >
clear_mul ) -> clear_mul ) >
clear_mul r0 -> clear_mul r0 >
clear_mul r1 -> clear_mul r1 >
clear_mul l0 -> clear_mul l0 >
clear_mul l1 -> clear_mul l1 >
clear_mul f0 -> clear_mul f0 >
clear_mul f1 -> clear_mul f1 >
clear_mul t0 -> clear_mul t0 >
clear_mul t1 -> clear_mul t1 >
clear_mul | -> clear_mul1 | ^
clear_mul a -> clear_mul a >
clear_mul o -> clear_mul o >

clear_mul1 | -> clear_mul2 | <

clear_mul2 0 -> clear_mul2 - <
clear_mul2 1 -> clear_mul2 - <
clear_mul2 2 -> clear_mul2 - <
clear_mul2 3 -> clear_mul2 - <
clear_mul2 4 -> clear_mul2 - <
clear_mul2 5 -> clear_mul2 - <
clear_mul2 6 -> clear_mul2 - <
clear_mul2 7 -> clear_mul2 - <
clear_mul2 8 -> clear_mul2 - <
clear_mul2 9 -> clear_mul2 - <
clear_mul2 - -> clear_mul2 - <
clear_mul2 _ -> clear_mul2 - <
clear_mul2 + -> clear_mul3 * <
clear_mul2 * -> clear_mul2 - <
clear_mul2 ^ -> clear_mul2 - <
clear_mul2 $ -> clear_mul2 - <
clear_mul2 # -> clear_mul2 - <
clear_mul2 < -> clear_mul2 - <
clear_mul2 > -> clear_mul2 - <
clear_mul2 ( -> clear_mul2 - <
clear_mul2 ) -> clear_mul2 - <
clear_mul2 r0 -> clear_mul2 - <
clear_mul2 r1 -> clear_mul2 - <
clear_mul2 l0 -> clear_mul2 - <
clear_mul2 l1 -> clear_mul2 - <
clear_mul2 f0 -> clear_mul2 - <
clear_mul2 f1 -> clear_mul2 - <
clear_mul2 t0 -> clear_mul2 - <
clear_mul2 t1 -> clear_mul2 - <
clear_mul2 | -> clear_mul2 - <
clear_mul2 a -> clear_mul2 - <
clear_mul2 o -> clear_mul2 - <

clear_mul3 0 -> clear_mul3 0 <
clear_mul3 1 -> clear_mul3 1 <
clear_mul3 2 -> clear_mul3 2 <
clear_mul3 3 -> clear_mul3 3 <
clear_mul3 4 -> clear_mul3 4 <
clear_mul3 5 -> clear_mul3 5 <
clear_mul3 6 -> clear_mul3 6 <
clear_mul3 7 -> clear_mul3 7 <
clear_mul3 8 -> clear_mul3 8 <
clear_mul3 9 -> clear_mul3 9 <
clear_mul3 - -> clear_mul3 - <
clear_mul3 _ -> clear_mul4 _ ^
clear_mul3 + -> clear_mul3 + <
clear_mul3 * -> clear_mul3 * <
clear_mul3 ^ -> clear_mul3 ^ <
clear_mul3 $ -> clear_mul3 $ <
clear_mul3 # -> clear_mul3 # <
clear_mul3 < -> clear_mul3 < <
clear_mul3 > -> clear_mul3 > <
clear_mul3 ( -> clear_mul3 ( <
clear_mul3 ) -> clear_mul3 ) <
clear_mul3 r0 -> clear_mul3 r0 <
clear_mul3 r1 -> clear_mul3 r1 <
clear_mul3 l0 -> clear_mul3 l0 <
clear_mul3 l1 -> clear_mul3 l1 <
clear_mul3 f0 -> clear_mul3 f0 <
clear_mul3 f1 -> clear_mul3 f1 <
clear_mul3 t0 -> clear_mul3 t0 <
clear_mul3 t1 -> clear_mul3 t1 <
clear_mul3 | -> clear_mul3 | <
clear_mul3 a -> clear_mul3 a <
clear_mul3 o -> clear_mul3 o <

clear_mul4 _ -> clear_mul5 _ >

clear_mul5 0 -> right_to_fact 0 ^
clear_mul5 1 -> right_to_fact 1 ^
clear_mul5 2 -> right_to_fact 2 ^
clear_mul5 3 -> right_to_fact 3 ^
clear_mul5 4 -> right_to_fact 4 ^
clear_mul5 5 -> right_to_fact 5 ^
clear_mul5 6 -> right_to_fact 6 ^
clear_mul5 7 -> right_to_fact 7 ^
clear_mul5 8 -> right_to_fact 8 ^
clear_mul5 9 -> right_to_fact 9 ^
clear_mul5 - -> right_to_fact - ^
clear_mul5 _ -> right_to_fact 0 ^
clear_mul5 + -> right_to_fact + ^
clear_mul5 * -> right_to_fact * ^
clear_mul5 ^ -> right_to_fact ^ ^
clear_mul5 $ -> right_to_fact $ ^
clear_mul5 # -> right_to_fact # ^
clear_mul5 < -> right_to_fact < ^
clear_mul5 > -> right_to_fact > ^
clear_mul5 ( -> right_to_fact ( ^
clear_mul5 ) -> right_to_fact ) ^
clear_mul5 r0 -> right_to_fact r0 ^
clear_mul5 r1 -> right_to_fact r1 ^
clear_mul5 l0 -> right_to_fact l0 ^
clear_mul5 l1 -> right_to_fact l1 ^
clear_mul5 f0 -> right_to_fact f0 ^
clear_mul5 f1 -> right_to_fact f1 ^
clear_mul5 t0 -> right_to_fact t0 ^
clear_mul5 t1 -> right_to_fact t1 ^
clear_mul5 | -> right_to_fact | ^
clear_mul5 a -> right_to_fact a ^
clear_mul5 o -> right_to_fact o ^

right_to_fact 0 -> right_to_fact 0 >
right_to_fact 1 -> right_to_fact 1 >
right_to_fact 2 -> right_to_fact 2 >
right_to_fact 3 -> right_to_fact 3 >
right_to_fact 4 -> right_to_fact 4 >
right_to_fact 5 -> right_to_fact 5 >
right_to_fact 6 -> right_to_fact 6 >
right_to_fact 7 -> right_to_fact 7 >
right_to_fact 8 -> right_to_fact 8 >
right_to_fact 9 -> right_to_fact 9 >
right_to_fact - -> right_to_fact - >
right_to_fact _ -> right_to_fact _ >
right_to_fact + -> right_to_fact + >
right_to_fact * -> right_to_fact * >
right_to_fact ^ -> right_to_fact ^ >
right_to_fact $ -> right_to_fact $ >
right_to_fact # -> right_to_fact # >
right_to_fact < -> right_to_fact < >
right_to_fact > -> right_to_fact > >
right_to_fact ( -> right_to_fact ( >
right_to_fact ) -> right_to_fact ) >
right_to_fact r0 -> right_to_fact r0 >
right_to_fact r1 -> right_to_fact r1 >
right_to_fact l0 -> right_to_fact l0 >
right_to_fact l1 -> right_to_fact l1 >
right_to_fact f0 -> right_to_fact f0 >
right_to_fact f1 -> right_to_fact f1 >
right_to_fact t0 -> right_to_fact t0 >
right_to_fact t1 -> right_to_fact t1 >
right_to_fact | -> right_to_fact1 | ^
right_to_fact a -> right_to_fact a >
right_to_fact o -> right_to_fact o >

right_to_fact1 | -> right_to_dec_fact | ^

right_to_dec_fact 0 -> right_to_dec_fact 0 >
right_to_dec_fact 1 -> right_to_dec_fact 1 >
right_to_dec_fact 2 -> right_to_dec_fact 2 >
right_to_dec_fact 3 -> right_to_dec_fact 3 >
right_to_dec_fact 4 -> right_to_dec_fact 4 >
right_to_dec_fact 5 -> right_to_dec_fact 5 >
right_to_dec_fact 6 -> right_to_dec_fact 6 >
right_to_dec_fact 7 -> right_to_dec_fact 7 >
right_to_dec_fact 8 -> right_to_dec_fact 8 >
right_to_dec_fact 9 -> right_to_dec_fact 9 >
right_to_dec_fact - -> right_to_dec_fact - >
right_to_dec_fact _ -> right_to_dec_fact1 _ ^
right_to_dec_fact + -> right_to_dec_fact + >
right_to_dec_fact * -> right_to_dec_fact * >
right_to_dec_fact ^ -> right_to_dec_fact ^ >
right_to_dec_fact $ -> right_to_dec_fact $ >
right_to_dec_fact # -> right_to_dec_fact # >
right_to_dec_fact < -> right_to_dec_fact < >
right_to_dec_fact > -> right_to_dec_fact > >
right_to_dec_fact ( -> right_to_dec_fact ( >
right_to_dec_fact ) -> right_to_dec_fact ) >
right_to_dec_fact r0 -> right_to_dec_fact r0 >
right_to_dec_fact r1 -> right_to_dec_fact r1 >
right_to_dec_fact l0 -> right_to_dec_fact l0 >
right_to_dec_fact l1 -> right_to_dec_fact l1 >
right_to_dec_fact f0 -> right_to_dec_fact f0 >
right_to_dec_fact f1 -> right_to_dec_fact f1 >
right_to_dec_fact t0 -> right_to_dec_fact t0 >
right_to_dec_fact t1 -> right_to_dec_fact t1 >
right_to_dec_fact | -> right_to_dec_fact | >
right_to_dec_fact a -> right_to_dec_fact a >
right_to_dec_fact o -> right_to_dec_fact o >

right_to_dec_fact1 _ -> dec_fact _ <

dec_fact 0 -> dec_fact 1 <
dec_fact 1 -> check_fact_zero 0 ^
dec_fact | -> clear_fact | ^

left_to_fact_split 0 -> left_to_fact_split 0 <
left_to_fact_split 1 -> left_to_fact_split 1 <
left_to_fact_split 2 -> left_to_fact_split 2 <
left_to_fact_split 3 -> left_to_fact_split 3 <
left_to_fact_split 4 -> left_to_fact_split 4 <
left_to_fact_split 5 -> left_to_fact_split 5 <
left_to_fact_split 6 -> left_to_fact_split 6 <
left_to_fact_split 7 -> left_to_fact_split 7 <
left_to_fact_split 8 -> left_to_fact_split 8 <
left_to_fact_split 9 -> left_to_fact_split 9 <
left_to_fact_split - -> left_to_fact_split - <
left_to_fact_split _ -> left_to_fact_split _ <
left_to_fact_split + -> left_to_fact_split + <
left_to_fact_split * -> left_to_fact_split * <
left_to_fact_split ^ -> left_to_fact_split ^ <
left_to_fact_split $ -> left_to_fact_split $ <
left_to_fact_split # -> left_to_fact_split # <
left_to_fact_split < -> left_to_fact_split < <
left_to_fact_split > -> left_to_fact_split > <
left_to_fact_split ( -> left_to_fact_split ( <
left_to_fact_split ) -> left_to_fact_split ) <
left_to_fact_split r0 -> left_to_fact_split r0 <
left_to_fact_split r1 -> left_to_fact_split r1 <
left_to_fact_split l0 -> left_to_fact_split l0 <
left_to_fact_split l1 -> left_to_fact_split l1 <
left_to_fact_split f0 -> left_to_fact_split f0 <
left_to_fact_split f1 -> left_to_fact_split f1 <
left_to_fact_split t0 -> left_to_fact_split t0 <
left_to_fact_split t1 -> left_to_fact_split t1 <
left_to_fact_split | -> copy_fact | ^
left_to_fact_split a -> left_to_fact_split a <
left_to_fact_split o -> left_to_fact_split o <

check_fact_zero 0 -> check_fact_zero 0 >
check_fact_zero 1 -> check_fact_zero 1 >
check_fact_zero 2 -> check_fact_zero 2 >
check_fact_zero 3 -> check_fact_zero 3 >
check_fact_zero 4 -> check_fact_zero 4 >
check_fact_zero 5 -> check_fact_zero 5 >
check_fact_zero 6 -> check_fact_zero 6 >
check_fact_zero 7 -> check_fact_zero 7 >
check_fact_zero 8 -> check_fact_zero 8 >
check_fact_zero 9 -> check_fact_zero 9 >
check_fact_zero - -> check_fact_zero - >
check_fact_zero _ -> check_fact_zero1 _ ^
check_fact_zero + -> check_fact_zero + >
check_fact_zero * -> check_fact_zero * >
check_fact_zero ^ -> check_fact_zero ^ >
check_fact_zero $ -> check_fact_zero $ >
check_fact_zero # -> check_fact_zero # >
check_fact_zero < -> check_fact_zero < >
check_fact_zero > -> check_fact_zero > >
check_fact_zero ( -> check_fact_zero ( >
check_fact_zero ) -> check_fact_zero ) >
check_fact_zero r0 -> check_fact_zero r0 >
check_fact_zero r1 -> check_fact_zero r1 >
check_fact_zero l0 -> check_fact_zero l0 >
check_fact_zero l1 -> check_fact_zero l1 >
check_fact_zero f0 -> check_fact_zero f0 >
check_fact_zero f1 -> check_fact_zero f1 >
check_fact_zero t0 -> check_fact_zero t0 >
check_fact_zero t1 -> check_fact_zero t1 >
check_fact_zero | -> check_fact_zero | >
check_fact_zero a -> check_fact_zero a >
check_fact_zero o -> check_fact_zero o >

check_fact_zero1 _ -> check_fact_zero2 _ <

check_fact_zero2 0 -> check_fact_zero2 0 <
check_fact_zero2 1 -> left_to_fact_split 1 ^
check_fact_zero2 | -> clear_fact | ^

clear_fact 0 -> clear_fact _ >
clear_fact 1 -> clear_fact _ >
clear_fact 2 -> clear_fact _ >
clear_fact 3 -> clear_fact _ >
clear_fact 4 -> clear_fact _ >
clear_fact 5 -> clear_fact _ >
clear_fact 6 -> clear_fact _ >
clear_fact 7 -> clear_fact _ >
clear_fact 8 -> clear_fact _ >
clear_fact 9 -> clear_fact _ >
clear_fact - -> clear_fact _ >
clear_fact _ -> clear_fact2 _ ^
clear_fact + -> clear_fact _ >
clear_fact * -> clear_fact _ >
clear_fact ^ -> clear_fact _ >
clear_fact $ -> clear_fact _ >
clear_fact # -> clear_fact _ >
clear_fact < -> clear_fact _ >
clear_fact > -> clear_fact _ >
clear_fact ( -> clear_fact _ >
clear_fact ) -> clear_fact _ >
clear_fact r0 -> clear_fact _ >
clear_fact r1 -> clear_fact _ >
clear_fact l0 -> clear_fact _ >
clear_fact l1 -> clear_fact _ >
clear_fact f0 -> clear_fact _ >
clear_fact f1 -> clear_fact _ >
clear_fact t0 -> clear_fact _ >
clear_fact t1 -> clear_fact _ >
clear_fact | -> clear_fact _ >
clear_fact a -> clear_fact _ >
clear_fact o -> clear_fact _ >

clear_fact2 0 -> clear_fact2 _ <
clear_fact2 1 -> clear_fact2 _ <
clear_fact2 2 -> clear_fact2 _ <
clear_fact2 3 -> clear_fact2 _ <
clear_fact2 4 -> clear_fact2 _ <
clear_fact2 5 -> clear_fact2 _ <
clear_fact2 6 -> clear_fact2 _ <
clear_fact2 7 -> clear_fact2 _ <
clear_fact2 8 -> clear_fact2 _ <
clear_fact2 9 -> clear_fact2 _ <
clear_fact2 - -> clear_fact2 _ <
clear_fact2 _ -> clear_fact2 _ <
clear_fact2 + -> clear_fact2 _ <
clear_fact2 * -> clear_fact3 _ <
clear_fact2 ^ -> clear_fact2 _ <
clear_fact2 $ -> clear_fact2 _ <
clear_fact2 # -> clear_fact2 _ <
clear_fact2 < -> clear_fact2 _ <
clear_fact2 > -> clear_fact2 _ <
clear_fact2 ( -> clear_fact2 _ <
clear_fact2 ) -> clear_fact2 _ <
clear_fact2 r0 -> clear_fact2 _ <
clear_fact2 r1 -> clear_fact2 _ <
clear_fact2 l0 -> clear_fact2 _ <
clear_fact2 l1 -> clear_fact2 _ <
clear_fact2 f0 -> clear_fact2 _ <
clear_fact2 f1 -> clear_fact2 _ <
clear_fact2 t0 -> clear_fact2 _ <
clear_fact2 t1 -> clear_fact2 _ <
clear_fact2 | -> clear_fact2 _ <
clear_fact2 a -> clear_fact2 _ <
clear_fact2 o -> clear_fact2 _ <

clear_fact3 0 -> clear_fact4 0 ^
clear_fact3 1 -> clear_fact4 1 ^
clear_fact3 2 -> clear_fact4 2 ^
clear_fact3 3 -> clear_fact4 3 ^
clear_fact3 4 -> clear_fact4 4 ^
clear_fact3 5 -> clear_fact4 5 ^
clear_fact3 6 -> clear_fact4 6 ^
clear_fact3 7 -> clear_fact4 7 ^
clear_fact3 8 -> clear_fact4 8 ^
clear_fact3 9 -> clear_fact4 9 ^
clear_fact3 - -> clear_fact4 - ^
clear_fact3 _ -> ac 0 ^
clear_fact3 + -> clear_fact4 + ^
clear_fact3 * -> clear_fact4 * ^
clear_fact3 ^ -> clear_fact4 ^ ^
clear_fact3 $ -> clear_fact4 $ ^
clear_fact3 # -> clear_fact4 # ^
clear_fact3 < -> clear_fact4 < ^
clear_fact3 > -> clear_fact4 > ^
clear_fact3 ( -> clear_fact4 ( ^
clear_fact3 ) -> clear_fact4 ) ^
clear_fact3 r0 -> clear_fact4 r0 ^
clear_fact3 r1 -> clear_fact4 r1 ^
clear_fact3 l0 -> clear_fact4 l0 ^
clear_fact3 l1 -> clear_fact4 l1 ^
clear_fact3 f0 -> clear_fact4 f0 ^
clear_fact3 f1 -> clear_fact4 f1 ^
clear_fact3 t0 -> clear_fact4 t0 ^
clear_fact3 t1 -> clear_fact4 t1 ^
clear_fact3 | -> clear_fact4 | ^
clear_fact3 a -> clear_fact4 a ^
clear_fact3 o -> clear_fact4 o ^

clear_fact4 0 -> clear_fact4 0 <
clear_fact4 1 -> clear_fact4 1 <
clear_fact4 2 -> clear_fact4 2 <
clear_fact4 3 -> clear_fact4 3 <
clear_fact4 4 -> clear_fact4 4 <
clear_fact4 5 -> clear_fact4 5 <
clear_fact4 6 -> clear_fact4 6 <
clear_fact4 7 -> clear_fact4 7 <
clear_fact4 8 -> clear_fact4 8 <
clear_fact4 9 -> clear_fact4 9 <
clear_fact4 - -> clear_fact4 - <
clear_fact4 _ -> clear_fact5 _ ^
clear_fact4 + -> clear_fact4 + <
clear_fact4 * -> clear_fact4 * <
clear_fact4 ^ -> clear_fact4 ^ <
clear_fact4 $ -> clear_fact4 $ <
clear_fact4 # -> clear_fact4 # <
clear_fact4 < -> clear_fact4 < <
clear_fact4 > -> clear_fact4 > <
clear_fact4 ( -> clear_fact4 ( <
clear_fact4 ) -> clear_fact4 ) <
clear_fact4 r0 -> clear_fact4 r0 <
clear_fact4 r1 -> clear_fact4 r1 <
clear_fact4 l0 -> clear_fact4 l0 <
clear_fact4 l1 -> clear_fact4 l1 <
clear_fact4 f0 -> clear_fact4 f0 <
clear_fact4 f1 -> clear_fact4 f1 <
clear_fact4 t0 -> clear_fact4 t0 <
clear_fact4 t1 -> clear_fact4 t1 <
clear_fact4 | -> clear_fact4 | <
clear_fact4 a -> clear_fact4 a <
clear_fact4 o -> clear_fact4 o <

clear_fact5 _ -> ac _ >

