start: s
accept: ac
reject: rj
blank: _
s 0 -> to_end_eq 0 ^
s 1 -> to_end_eq 1 ^
s 2 -> to_end_eq 2 ^
s 3 -> to_end_eq 3 ^
s 4 -> to_end_eq 4 ^
s 5 -> to_end_eq 5 ^
s 6 -> to_end_eq 6 ^
s 7 -> to_end_eq 7 ^
s 8 -> to_end_eq 8 ^
s 9 -> to_end_eq 9 ^
s - -> to_end_eq - ^
s _ -> to_end_eq _ ^
s + -> to_end_eq + ^
s * -> to_end_eq * ^
s ^ -> to_end_eq ^ ^
s $ -> to_end_eq $ ^
s # -> to_end_eq # ^
s < -> to_end_eq < ^
s > -> to_end_eq > ^
s ( -> to_end_eq ( ^
s ) -> to_end_eq ) ^



to_end_eq 0 -> to_end_eq 0 >
to_end_eq 1 -> to_end_eq 1 >
to_end_eq 2 -> to_end_eq 2 >
to_end_eq 3 -> to_end_eq 3 >
to_end_eq 4 -> to_end_eq 4 >
to_end_eq 5 -> to_end_eq 5 >
to_end_eq 6 -> to_end_eq 6 >
to_end_eq 7 -> to_end_eq 7 >
to_end_eq 8 -> to_end_eq 8 >
to_end_eq 9 -> to_end_eq 9 >
to_end_eq - -> to_end_eq - >
to_end_eq _ -> to_end1_eq _ ^
to_end_eq + -> to_end_eq + >
to_end_eq * -> to_end_eq * >
to_end_eq ^ -> to_end_eq ^ >
to_end_eq $ -> to_end_eq $ >
to_end_eq # -> to_end_eq # >
to_end_eq < -> to_end_eq < >
to_end_eq > -> to_end_eq > >
to_end_eq ( -> to_end_eq ( >
to_end_eq ) -> to_end_eq ) >

to_end1_eq _ -> start_cmp_right_eq _ <

to_end_gt 0 -> to_end_gt 0 >
to_end_gt 1 -> to_end_gt 1 >
to_end_gt 2 -> to_end_gt 2 >
to_end_gt 3 -> to_end_gt 3 >
to_end_gt 4 -> to_end_gt 4 >
to_end_gt 5 -> to_end_gt 5 >
to_end_gt 6 -> to_end_gt 6 >
to_end_gt 7 -> to_end_gt 7 >
to_end_gt 8 -> to_end_gt 8 >
to_end_gt 9 -> to_end_gt 9 >
to_end_gt - -> to_end_gt - >
to_end_gt _ -> to_end1_gt _ ^
to_end_gt + -> to_end_gt + >
to_end_gt * -> to_end_gt * >
to_end_gt ^ -> to_end_gt ^ >
to_end_gt $ -> to_end_gt $ >
to_end_gt # -> to_end_gt # >
to_end_gt < -> to_end_gt < >
to_end_gt > -> to_end_gt > >
to_end_gt ( -> to_end_gt ( >
to_end_gt ) -> to_end_gt ) >

to_end1_gt _ -> start_cmp_right_gt _ <

to_end_lt 0 -> to_end_lt 0 >
to_end_lt 1 -> to_end_lt 1 >
to_end_lt 2 -> to_end_lt 2 >
to_end_lt 3 -> to_end_lt 3 >
to_end_lt 4 -> to_end_lt 4 >
to_end_lt 5 -> to_end_lt 5 >
to_end_lt 6 -> to_end_lt 6 >
to_end_lt 7 -> to_end_lt 7 >
to_end_lt 8 -> to_end_lt 8 >
to_end_lt 9 -> to_end_lt 9 >
to_end_lt - -> to_end_lt - >
to_end_lt _ -> to_end1_lt _ ^
to_end_lt + -> to_end_lt + >
to_end_lt * -> to_end_lt * >
to_end_lt ^ -> to_end_lt ^ >
to_end_lt $ -> to_end_lt $ >
to_end_lt # -> to_end_lt # >
to_end_lt < -> to_end_lt < >
to_end_lt > -> to_end_lt > >
to_end_lt ( -> to_end_lt ( >
to_end_lt ) -> to_end_lt ) >

to_end1_lt _ -> start_cmp_right_lt _ <

start_cmp_right_eq 0 -> move_cmp_left0_eq _ ^
start_cmp_right_eq 1 -> move_cmp_left1_eq _ ^
start_cmp_right_eq < -> fin_left_eq < ^

start_cmp_right_gt 0 -> move_cmp_left0_gt _ ^
start_cmp_right_gt 1 -> move_cmp_left1_gt _ ^
start_cmp_right_gt < -> fin_left_gt < ^

start_cmp_right_lt 0 -> move_cmp_left0_lt _ ^
start_cmp_right_lt 1 -> move_cmp_left1_lt _ ^
start_cmp_right_lt < -> fin_left_lt < ^

move_cmp_left1_eq 0 -> move_cmp_left1_eq 0 <
move_cmp_left1_eq 1 -> move_cmp_left1_eq 1 <
move_cmp_left1_eq 2 -> move_cmp_left1_eq 2 <
move_cmp_left1_eq 3 -> move_cmp_left1_eq 3 <
move_cmp_left1_eq 4 -> move_cmp_left1_eq 4 <
move_cmp_left1_eq 5 -> move_cmp_left1_eq 5 <
move_cmp_left1_eq 6 -> move_cmp_left1_eq 6 <
move_cmp_left1_eq 7 -> move_cmp_left1_eq 7 <
move_cmp_left1_eq 8 -> move_cmp_left1_eq 8 <
move_cmp_left1_eq 9 -> move_cmp_left1_eq 9 <
move_cmp_left1_eq - -> move_cmp_left1_eq - <
move_cmp_left1_eq _ -> move_cmp_left1_eq _ <
move_cmp_left1_eq + -> move_cmp_left1_eq + <
move_cmp_left1_eq * -> move_cmp_left1_eq * <
move_cmp_left1_eq ^ -> move_cmp_left1_eq ^ <
move_cmp_left1_eq $ -> move_cmp_left1_eq $ <
move_cmp_left1_eq # -> move_cmp_left1_eq # <
move_cmp_left1_eq < -> move_cmp_left1t_eq < <
move_cmp_left1_eq > -> move_cmp_left1_eq > <
move_cmp_left1_eq ( -> move_cmp_left1_eq ( <
move_cmp_left1_eq ) -> move_cmp_left1_eq ) <

move_cmp_left1t_eq 0 -> to_end_lt - ^
move_cmp_left1t_eq 1 -> to_end_eq - ^
move_cmp_left1t_eq - -> move_cmp_left1t_eq - <
move_cmp_left1t_eq _ -> to_end_lt - ^

move_cmp_left0_eq 0 -> move_cmp_left0_eq 0 <
move_cmp_left0_eq 1 -> move_cmp_left0_eq 1 <
move_cmp_left0_eq 2 -> move_cmp_left0_eq 2 <
move_cmp_left0_eq 3 -> move_cmp_left0_eq 3 <
move_cmp_left0_eq 4 -> move_cmp_left0_eq 4 <
move_cmp_left0_eq 5 -> move_cmp_left0_eq 5 <
move_cmp_left0_eq 6 -> move_cmp_left0_eq 6 <
move_cmp_left0_eq 7 -> move_cmp_left0_eq 7 <
move_cmp_left0_eq 8 -> move_cmp_left0_eq 8 <
move_cmp_left0_eq 9 -> move_cmp_left0_eq 9 <
move_cmp_left0_eq - -> move_cmp_left0_eq - <
move_cmp_left0_eq _ -> move_cmp_left0_eq _ <
move_cmp_left0_eq + -> move_cmp_left0_eq + <
move_cmp_left0_eq * -> move_cmp_left0_eq * <
move_cmp_left0_eq ^ -> move_cmp_left0_eq ^ <
move_cmp_left0_eq $ -> move_cmp_left0_eq $ <
move_cmp_left0_eq # -> move_cmp_left0_eq # <
move_cmp_left0_eq < -> move_cmp_left0t_eq < <
move_cmp_left0_eq > -> move_cmp_left0_eq > <
move_cmp_left0_eq ( -> move_cmp_left0_eq ( <
move_cmp_left0_eq ) -> move_cmp_left0_eq ) <

move_cmp_left0t_eq 0 -> to_end_eq - ^
move_cmp_left0t_eq 1 -> to_end_gt - ^
move_cmp_left0t_eq - -> move_cmp_left0t_eq - <
move_cmp_left0t_eq _ -> to_end_eq - ^

move_cmp_left1_gt 0 -> move_cmp_left1_gt 0 <
move_cmp_left1_gt 1 -> move_cmp_left1_gt 1 <
move_cmp_left1_gt 2 -> move_cmp_left1_gt 2 <
move_cmp_left1_gt 3 -> move_cmp_left1_gt 3 <
move_cmp_left1_gt 4 -> move_cmp_left1_gt 4 <
move_cmp_left1_gt 5 -> move_cmp_left1_gt 5 <
move_cmp_left1_gt 6 -> move_cmp_left1_gt 6 <
move_cmp_left1_gt 7 -> move_cmp_left1_gt 7 <
move_cmp_left1_gt 8 -> move_cmp_left1_gt 8 <
move_cmp_left1_gt 9 -> move_cmp_left1_gt 9 <
move_cmp_left1_gt - -> move_cmp_left1_gt - <
move_cmp_left1_gt _ -> move_cmp_left1_gt _ <
move_cmp_left1_gt + -> move_cmp_left1_gt + <
move_cmp_left1_gt * -> move_cmp_left1_gt * <
move_cmp_left1_gt ^ -> move_cmp_left1_gt ^ <
move_cmp_left1_gt $ -> move_cmp_left1_gt $ <
move_cmp_left1_gt # -> move_cmp_left1_gt # <
move_cmp_left1_gt < -> move_cmp_left1t_gt < <
move_cmp_left1_gt > -> move_cmp_left1_gt > <
move_cmp_left1_gt ( -> move_cmp_left1_gt ( <
move_cmp_left1_gt ) -> move_cmp_left1_gt ) <

move_cmp_left1t_gt 0 -> to_end_lt - ^
move_cmp_left1t_gt 1 -> to_end_gt - ^
move_cmp_left1t_gt - -> move_cmp_left1t_gt - <
move_cmp_left1t_gt _ -> to_end_lt - ^

move_cmp_left0_gt 0 -> move_cmp_left0_gt 0 <
move_cmp_left0_gt 1 -> move_cmp_left0_gt 1 <
move_cmp_left0_gt 2 -> move_cmp_left0_gt 2 <
move_cmp_left0_gt 3 -> move_cmp_left0_gt 3 <
move_cmp_left0_gt 4 -> move_cmp_left0_gt 4 <
move_cmp_left0_gt 5 -> move_cmp_left0_gt 5 <
move_cmp_left0_gt 6 -> move_cmp_left0_gt 6 <
move_cmp_left0_gt 7 -> move_cmp_left0_gt 7 <
move_cmp_left0_gt 8 -> move_cmp_left0_gt 8 <
move_cmp_left0_gt 9 -> move_cmp_left0_gt 9 <
move_cmp_left0_gt - -> move_cmp_left0_gt - <
move_cmp_left0_gt _ -> move_cmp_left0_gt _ <
move_cmp_left0_gt + -> move_cmp_left0_gt + <
move_cmp_left0_gt * -> move_cmp_left0_gt * <
move_cmp_left0_gt ^ -> move_cmp_left0_gt ^ <
move_cmp_left0_gt $ -> move_cmp_left0_gt $ <
move_cmp_left0_gt # -> move_cmp_left0_gt # <
move_cmp_left0_gt < -> move_cmp_left0t_gt < <
move_cmp_left0_gt > -> move_cmp_left0_gt > <
move_cmp_left0_gt ( -> move_cmp_left0_gt ( <
move_cmp_left0_gt ) -> move_cmp_left0_gt ) <

move_cmp_left0t_gt 0 -> to_end_gt - ^
move_cmp_left0t_gt 1 -> to_end_gt - ^
move_cmp_left0t_gt - -> move_cmp_left0t_gt - <
move_cmp_left0t_gt _ -> to_end_gt - ^

move_cmp_left1_lt 0 -> move_cmp_left1_lt 0 <
move_cmp_left1_lt 1 -> move_cmp_left1_lt 1 <
move_cmp_left1_lt 2 -> move_cmp_left1_lt 2 <
move_cmp_left1_lt 3 -> move_cmp_left1_lt 3 <
move_cmp_left1_lt 4 -> move_cmp_left1_lt 4 <
move_cmp_left1_lt 5 -> move_cmp_left1_lt 5 <
move_cmp_left1_lt 6 -> move_cmp_left1_lt 6 <
move_cmp_left1_lt 7 -> move_cmp_left1_lt 7 <
move_cmp_left1_lt 8 -> move_cmp_left1_lt 8 <
move_cmp_left1_lt 9 -> move_cmp_left1_lt 9 <
move_cmp_left1_lt - -> move_cmp_left1_lt - <
move_cmp_left1_lt _ -> move_cmp_left1_lt _ <
move_cmp_left1_lt + -> move_cmp_left1_lt + <
move_cmp_left1_lt * -> move_cmp_left1_lt * <
move_cmp_left1_lt ^ -> move_cmp_left1_lt ^ <
move_cmp_left1_lt $ -> move_cmp_left1_lt $ <
move_cmp_left1_lt # -> move_cmp_left1_lt # <
move_cmp_left1_lt < -> move_cmp_left1t_lt < <
move_cmp_left1_lt > -> move_cmp_left1_lt > <
move_cmp_left1_lt ( -> move_cmp_left1_lt ( <
move_cmp_left1_lt ) -> move_cmp_left1_lt ) <

move_cmp_left1t_lt 0 -> to_end_lt - ^
move_cmp_left1t_lt 1 -> to_end_lt - ^
move_cmp_left1t_lt - -> move_cmp_left1t_lt - <
move_cmp_left1t_lt _ -> to_end_lt - ^

move_cmp_left0_lt 0 -> move_cmp_left0_lt 0 <
move_cmp_left0_lt 1 -> move_cmp_left0_lt 1 <
move_cmp_left0_lt 2 -> move_cmp_left0_lt 2 <
move_cmp_left0_lt 3 -> move_cmp_left0_lt 3 <
move_cmp_left0_lt 4 -> move_cmp_left0_lt 4 <
move_cmp_left0_lt 5 -> move_cmp_left0_lt 5 <
move_cmp_left0_lt 6 -> move_cmp_left0_lt 6 <
move_cmp_left0_lt 7 -> move_cmp_left0_lt 7 <
move_cmp_left0_lt 8 -> move_cmp_left0_lt 8 <
move_cmp_left0_lt 9 -> move_cmp_left0_lt 9 <
move_cmp_left0_lt - -> move_cmp_left0_lt - <
move_cmp_left0_lt _ -> move_cmp_left0_lt _ <
move_cmp_left0_lt + -> move_cmp_left0_lt + <
move_cmp_left0_lt * -> move_cmp_left0_lt * <
move_cmp_left0_lt ^ -> move_cmp_left0_lt ^ <
move_cmp_left0_lt $ -> move_cmp_left0_lt $ <
move_cmp_left0_lt # -> move_cmp_left0_lt # <
move_cmp_left0_lt < -> move_cmp_left0t_lt < <
move_cmp_left0_lt > -> move_cmp_left0_lt > <
move_cmp_left0_lt ( -> move_cmp_left0_lt ( <
move_cmp_left0_lt ) -> move_cmp_left0_lt ) <

move_cmp_left0t_lt 0 -> to_end_lt - ^
move_cmp_left0t_lt 1 -> to_end_gt - ^
move_cmp_left0t_lt - -> move_cmp_left0t_lt - <
move_cmp_left0t_lt _ -> to_end_lt - ^

fin_left_eq 0 -> rj 0 ^
fin_left_eq 1 -> rj 1 ^
fin_left_eq 2 -> fin_left_eq 2 <
fin_left_eq 3 -> fin_left_eq 3 <
fin_left_eq 4 -> fin_left_eq 4 <
fin_left_eq 5 -> fin_left_eq 5 <
fin_left_eq 6 -> fin_left_eq 6 <
fin_left_eq 7 -> fin_left_eq 7 <
fin_left_eq 8 -> fin_left_eq 8 <
fin_left_eq 9 -> fin_left_eq 9 <
fin_left_eq - -> fin_left_eq - <
fin_left_eq _ -> rj _ ^
fin_left_eq + -> fin_left_eq + <
fin_left_eq * -> fin_left_eq * <
fin_left_eq ^ -> fin_left_eq ^ <
fin_left_eq $ -> fin_left_eq $ <
fin_left_eq # -> fin_left_eq # <
fin_left_eq < -> fin_left_eq < <
fin_left_eq > -> fin_left_eq > <
fin_left_eq ( -> fin_left_eq ( <
fin_left_eq ) -> fin_left_eq ) <

fin_left_lt 0 -> rj 0 ^
fin_left_lt 1 -> rj 1 ^
fin_left_lt 2 -> fin_left_lt 2 <
fin_left_lt 3 -> fin_left_lt 3 <
fin_left_lt 4 -> fin_left_lt 4 <
fin_left_lt 5 -> fin_left_lt 5 <
fin_left_lt 6 -> fin_left_lt 6 <
fin_left_lt 7 -> fin_left_lt 7 <
fin_left_lt 8 -> fin_left_lt 8 <
fin_left_lt 9 -> fin_left_lt 9 <
fin_left_lt - -> fin_left_lt - <
fin_left_lt _ -> ac _ ^
fin_left_lt + -> fin_left_lt + <
fin_left_lt * -> fin_left_lt * <
fin_left_lt ^ -> fin_left_lt ^ <
fin_left_lt $ -> fin_left_lt $ <
fin_left_lt # -> fin_left_lt # <
fin_left_lt < -> fin_left_lt < <
fin_left_lt > -> fin_left_lt > <
fin_left_lt ( -> fin_left_lt ( <
fin_left_lt ) -> fin_left_lt ) <

fin_left_gt 0 -> rj 0 ^
fin_left_gt 1 -> rj 1 ^
fin_left_gt 2 -> fin_left_gt 2 <
fin_left_gt 3 -> fin_left_gt 3 <
fin_left_gt 4 -> fin_left_gt 4 <
fin_left_gt 5 -> fin_left_gt 5 <
fin_left_gt 6 -> fin_left_gt 6 <
fin_left_gt 7 -> fin_left_gt 7 <
fin_left_gt 8 -> fin_left_gt 8 <
fin_left_gt 9 -> fin_left_gt 9 <
fin_left_gt - -> fin_left_gt - <
fin_left_gt _ -> rj _ ^
fin_left_gt + -> fin_left_gt + <
fin_left_gt * -> fin_left_gt * <
fin_left_gt ^ -> fin_left_gt ^ <
fin_left_gt $ -> fin_left_gt $ <
fin_left_gt # -> fin_left_gt # <
fin_left_gt < -> fin_left_gt < <
fin_left_gt > -> fin_left_gt > <
fin_left_gt ( -> fin_left_gt ( <
fin_left_gt ) -> fin_left_gt ) <

