start: s
accept: ac
reject: rj
blank: _
s 0 -> prepare 0 <
s 1 -> prepare 1 <
s 2 -> prepare 2 <
s 3 -> prepare 3 <
s 4 -> prepare 4 <
s 5 -> prepare 5 <
s 6 -> prepare 6 <
s 7 -> prepare 7 <
s 8 -> prepare 8 <
s 9 -> prepare 9 <
s - -> prepare - <
s _ -> prepare _ <
s + -> prepare + <
s * -> prepare * <
s ^ -> prepare ^ <
s $ -> prepare $ <
s # -> prepare # <
s < -> prepare < <
s > -> prepare > <
s ( -> prepare ( <
s ) -> prepare ) <
s r0 -> prepare r0 <
s r1 -> prepare r1 <
s l0 -> prepare l0 <
s l1 -> prepare l1 <
s f0 -> prepare f0 <
s f1 -> prepare f1 <
s t0 -> prepare t0 <
s t1 -> prepare t1 <
s | -> prepare | <
s a -> prepare a <
s o -> prepare o <



prepare 0 -> prepare 0 <
prepare 1 -> prepare 1 <
prepare 2 -> prepare 2 <
prepare 3 -> prepare 3 <
prepare 4 -> prepare 4 <
prepare 5 -> prepare 5 <
prepare 6 -> prepare 6 <
prepare 7 -> prepare 7 <
prepare 8 -> prepare 8 <
prepare 9 -> prepare 9 <
prepare - -> prepare - <
prepare _ -> right_to_dec + ^
prepare + -> prepare + <
prepare * -> prepare * <
prepare ^ -> prepare ^ <
prepare $ -> prepare $ <
prepare # -> prepare # <
prepare < -> prepare < <
prepare > -> prepare > <
prepare ( -> prepare ( <
prepare ) -> prepare ) <
prepare r0 -> prepare r0 <
prepare r1 -> prepare r1 <
prepare l0 -> prepare l0 <
prepare l1 -> prepare l1 <
prepare f0 -> prepare f0 <
prepare f1 -> prepare f1 <
prepare t0 -> prepare t0 <
prepare t1 -> prepare t1 <
prepare | -> prepare | <
prepare a -> prepare a <
prepare o -> prepare o <

right_to_num0 0 -> right_to_num0 0 >
right_to_num0 1 -> right_to_num0 1 >
right_to_num0 2 -> right_to_num0 2 >
right_to_num0 3 -> right_to_num0 3 >
right_to_num0 4 -> right_to_num0 4 >
right_to_num0 5 -> right_to_num0 5 >
right_to_num0 6 -> right_to_num0 6 >
right_to_num0 7 -> right_to_num0 7 >
right_to_num0 8 -> right_to_num0 8 >
right_to_num0 9 -> right_to_num0 9 >
right_to_num0 - -> right_to_num0 - >
right_to_num0 _ -> right_to_num0 _ >
right_to_num0 + -> right_to_num0 + >
right_to_num0 * -> right_to_num0t * <
right_to_num0 ^ -> right_to_num0 ^ >
right_to_num0 $ -> right_to_num0 $ >
right_to_num0 # -> right_to_num0 # >
right_to_num0 < -> right_to_num0 < >
right_to_num0 > -> right_to_num0 > >
right_to_num0 ( -> right_to_num0 ( >
right_to_num0 ) -> right_to_num0 ) >
right_to_num0 r0 -> right_to_num0t r0 <
right_to_num0 r1 -> right_to_num0t r1 <
right_to_num0 l0 -> right_to_num0 l0 >
right_to_num0 l1 -> right_to_num0 l1 >
right_to_num0 f0 -> right_to_num0 f0 >
right_to_num0 f1 -> right_to_num0 f1 >
right_to_num0 t0 -> right_to_num0 t0 >
right_to_num0 t1 -> right_to_num0 t1 >
right_to_num0 | -> right_to_num0 | >
right_to_num0 a -> right_to_num0 a >
right_to_num0 o -> right_to_num0 o >

right_to_num0t 0 -> left_to_add0 r0 ^
right_to_num0t 1 -> left_to_add1 r1 ^
right_to_num0t + -> clear_left + ^

left_to_add0 0 -> left_to_add0 0 <
left_to_add0 1 -> left_to_add0 1 <
left_to_add0 2 -> left_to_add0 2 <
left_to_add0 3 -> left_to_add0 3 <
left_to_add0 4 -> left_to_add0 4 <
left_to_add0 5 -> left_to_add0 5 <
left_to_add0 6 -> left_to_add0 6 <
left_to_add0 7 -> left_to_add0 7 <
left_to_add0 8 -> left_to_add0 8 <
left_to_add0 9 -> left_to_add0 9 <
left_to_add0 - -> left_to_add0 - <
left_to_add0 _ -> left_to_add0 _ <
left_to_add0 + -> left_to_add0t + ^
left_to_add0 * -> left_to_add0 * <
left_to_add0 ^ -> left_to_add0 ^ <
left_to_add0 $ -> left_to_add0 $ <
left_to_add0 # -> left_to_add0 # <
left_to_add0 < -> left_to_add0 < <
left_to_add0 > -> left_to_add0 > <
left_to_add0 ( -> left_to_add0 ( <
left_to_add0 ) -> left_to_add0 ) <
left_to_add0 r0 -> left_to_add0 r0 <
left_to_add0 r1 -> left_to_add0 r1 <
left_to_add0 l0 -> left_to_add0 l0 <
left_to_add0 l1 -> left_to_add0 l1 <
left_to_add0 f0 -> left_to_add0 f0 <
left_to_add0 f1 -> left_to_add0 f1 <
left_to_add0 t0 -> left_to_add0 t0 <
left_to_add0 t1 -> left_to_add0 t1 <
left_to_add0 | -> left_to_add0 | <
left_to_add0 a -> left_to_add0 a <
left_to_add0 o -> left_to_add0 o <

left_to_add0t 0 -> add0 0 ^
left_to_add0t 1 -> add0 1 ^
left_to_add0t 2 -> left_to_add0t 2 <
left_to_add0t 3 -> left_to_add0t 3 <
left_to_add0t 4 -> left_to_add0t 4 <
left_to_add0t 5 -> left_to_add0t 5 <
left_to_add0t 6 -> left_to_add0t 6 <
left_to_add0t 7 -> left_to_add0t 7 <
left_to_add0t 8 -> left_to_add0t 8 <
left_to_add0t 9 -> left_to_add0t 9 <
left_to_add0t - -> left_to_add0t - <
left_to_add0t _ -> add0 _ ^
left_to_add0t + -> left_to_add0t + <
left_to_add0t * -> left_to_add0t * <
left_to_add0t ^ -> left_to_add0t ^ <
left_to_add0t $ -> left_to_add0t $ <
left_to_add0t # -> left_to_add0t # <
left_to_add0t < -> left_to_add0t < <
left_to_add0t > -> left_to_add0t > <
left_to_add0t ( -> left_to_add0t ( <
left_to_add0t ) -> left_to_add0t ) <
left_to_add0t r0 -> left_to_add0t r0 <
left_to_add0t r1 -> left_to_add0t r1 <
left_to_add0t l0 -> left_to_add0t l0 <
left_to_add0t l1 -> left_to_add0t l1 <
left_to_add0t f0 -> left_to_add0t f0 <
left_to_add0t f1 -> left_to_add0t f1 <
left_to_add0t t0 -> left_to_add0t t0 <
left_to_add0t t1 -> left_to_add0t t1 <
left_to_add0t | -> left_to_add0t | <
left_to_add0t a -> left_to_add0t a <
left_to_add0t o -> left_to_add0t o <

add0 0 -> right_to_num0 l0 ^
add0 1 -> right_to_num0 l1 ^
add0 _ -> right_to_num0 l0 ^

right_to_num1 0 -> right_to_num1 0 >
right_to_num1 1 -> right_to_num1 1 >
right_to_num1 2 -> right_to_num1 2 >
right_to_num1 3 -> right_to_num1 3 >
right_to_num1 4 -> right_to_num1 4 >
right_to_num1 5 -> right_to_num1 5 >
right_to_num1 6 -> right_to_num1 6 >
right_to_num1 7 -> right_to_num1 7 >
right_to_num1 8 -> right_to_num1 8 >
right_to_num1 9 -> right_to_num1 9 >
right_to_num1 - -> right_to_num1 - >
right_to_num1 _ -> right_to_num1 _ >
right_to_num1 + -> right_to_num1 + >
right_to_num1 * -> right_to_num1t * <
right_to_num1 ^ -> right_to_num1 ^ >
right_to_num1 $ -> right_to_num1 $ >
right_to_num1 # -> right_to_num1 # >
right_to_num1 < -> right_to_num1 < >
right_to_num1 > -> right_to_num1 > >
right_to_num1 ( -> right_to_num1 ( >
right_to_num1 ) -> right_to_num1 ) >
right_to_num1 r0 -> right_to_num1t r0 <
right_to_num1 r1 -> right_to_num1t r1 <
right_to_num1 l0 -> right_to_num1 l0 >
right_to_num1 l1 -> right_to_num1 l1 >
right_to_num1 f0 -> right_to_num1 f0 >
right_to_num1 f1 -> right_to_num1 f1 >
right_to_num1 t0 -> right_to_num1 t0 >
right_to_num1 t1 -> right_to_num1 t1 >
right_to_num1 | -> right_to_num1 | >
right_to_num1 a -> right_to_num1 a >
right_to_num1 o -> right_to_num1 o >

right_to_num1t 0 -> left_to_add1 r0 ^
right_to_num1t 1 -> left_to_add10 r1 ^
right_to_num1t + -> left_to_add1 + ^

left_to_add1 0 -> left_to_add1 0 <
left_to_add1 1 -> left_to_add1 1 <
left_to_add1 2 -> left_to_add1 2 <
left_to_add1 3 -> left_to_add1 3 <
left_to_add1 4 -> left_to_add1 4 <
left_to_add1 5 -> left_to_add1 5 <
left_to_add1 6 -> left_to_add1 6 <
left_to_add1 7 -> left_to_add1 7 <
left_to_add1 8 -> left_to_add1 8 <
left_to_add1 9 -> left_to_add1 9 <
left_to_add1 - -> left_to_add1 - <
left_to_add1 _ -> left_to_add1 _ <
left_to_add1 + -> left_to_add1t + ^
left_to_add1 * -> left_to_add1 * <
left_to_add1 ^ -> left_to_add1 ^ <
left_to_add1 $ -> left_to_add1 $ <
left_to_add1 # -> left_to_add1 # <
left_to_add1 < -> left_to_add1 < <
left_to_add1 > -> left_to_add1 > <
left_to_add1 ( -> left_to_add1 ( <
left_to_add1 ) -> left_to_add1 ) <
left_to_add1 r0 -> left_to_add1 r0 <
left_to_add1 r1 -> left_to_add1 r1 <
left_to_add1 l0 -> left_to_add1 l0 <
left_to_add1 l1 -> left_to_add1 l1 <
left_to_add1 f0 -> left_to_add1 f0 <
left_to_add1 f1 -> left_to_add1 f1 <
left_to_add1 t0 -> left_to_add1 t0 <
left_to_add1 t1 -> left_to_add1 t1 <
left_to_add1 | -> left_to_add1 | <
left_to_add1 a -> left_to_add1 a <
left_to_add1 o -> left_to_add1 o <

left_to_add1t 0 -> add1 0 ^
left_to_add1t 1 -> add1 1 ^
left_to_add1t 2 -> left_to_add1t 2 <
left_to_add1t 3 -> left_to_add1t 3 <
left_to_add1t 4 -> left_to_add1t 4 <
left_to_add1t 5 -> left_to_add1t 5 <
left_to_add1t 6 -> left_to_add1t 6 <
left_to_add1t 7 -> left_to_add1t 7 <
left_to_add1t 8 -> left_to_add1t 8 <
left_to_add1t 9 -> left_to_add1t 9 <
left_to_add1t - -> left_to_add1t - <
left_to_add1t _ -> add1 _ ^
left_to_add1t + -> left_to_add1t + <
left_to_add1t * -> left_to_add1t * <
left_to_add1t ^ -> left_to_add1t ^ <
left_to_add1t $ -> left_to_add1t $ <
left_to_add1t # -> left_to_add1t # <
left_to_add1t < -> left_to_add1t < <
left_to_add1t > -> left_to_add1t > <
left_to_add1t ( -> left_to_add1t ( <
left_to_add1t ) -> left_to_add1t ) <
left_to_add1t r0 -> left_to_add1t r0 <
left_to_add1t r1 -> left_to_add1t r1 <
left_to_add1t l0 -> left_to_add1t l0 <
left_to_add1t l1 -> left_to_add1t l1 <
left_to_add1t f0 -> left_to_add1t f0 <
left_to_add1t f1 -> left_to_add1t f1 <
left_to_add1t t0 -> left_to_add1t t0 <
left_to_add1t t1 -> left_to_add1t t1 <
left_to_add1t | -> left_to_add1t | <
left_to_add1t a -> left_to_add1t a <
left_to_add1t o -> left_to_add1t o <

add1 0 -> right_to_num0 l1 ^
add1 1 -> right_to_num1 l0 ^
add1 _ -> right_to_num0 l1 ^

right_to_num10 0 -> right_to_num10 0 >
right_to_num10 1 -> right_to_num10 1 >
right_to_num10 2 -> right_to_num10 2 >
right_to_num10 3 -> right_to_num10 3 >
right_to_num10 4 -> right_to_num10 4 >
right_to_num10 5 -> right_to_num10 5 >
right_to_num10 6 -> right_to_num10 6 >
right_to_num10 7 -> right_to_num10 7 >
right_to_num10 8 -> right_to_num10 8 >
right_to_num10 9 -> right_to_num10 9 >
right_to_num10 - -> right_to_num10 - >
right_to_num10 _ -> right_to_num10 _ >
right_to_num10 + -> right_to_num10 + >
right_to_num10 * -> right_to_num10t * <
right_to_num10 ^ -> right_to_num10 ^ >
right_to_num10 $ -> right_to_num10 $ >
right_to_num10 # -> right_to_num10 # >
right_to_num10 < -> right_to_num10 < >
right_to_num10 > -> right_to_num10 > >
right_to_num10 ( -> right_to_num10 ( >
right_to_num10 ) -> right_to_num10 ) >
right_to_num10 r0 -> right_to_num10t r0 <
right_to_num10 r1 -> right_to_num10t r1 <
right_to_num10 l0 -> right_to_num10 l0 >
right_to_num10 l1 -> right_to_num10 l1 >
right_to_num10 f0 -> right_to_num10 f0 >
right_to_num10 f1 -> right_to_num10 f1 >
right_to_num10 t0 -> right_to_num10 t0 >
right_to_num10 t1 -> right_to_num10 t1 >
right_to_num10 | -> right_to_num10 | >
right_to_num10 a -> right_to_num10 a >
right_to_num10 o -> right_to_num10 o >

right_to_num10t 0 -> left_to_add10 r0 ^
right_to_num10t 1 -> rj r1 ^
right_to_num10t + -> left_to_add10 + ^

left_to_add10 0 -> left_to_add10 0 <
left_to_add10 1 -> left_to_add10 1 <
left_to_add10 2 -> left_to_add10 2 <
left_to_add10 3 -> left_to_add10 3 <
left_to_add10 4 -> left_to_add10 4 <
left_to_add10 5 -> left_to_add10 5 <
left_to_add10 6 -> left_to_add10 6 <
left_to_add10 7 -> left_to_add10 7 <
left_to_add10 8 -> left_to_add10 8 <
left_to_add10 9 -> left_to_add10 9 <
left_to_add10 - -> left_to_add10 - <
left_to_add10 _ -> left_to_add10 _ <
left_to_add10 + -> left_to_add10t + ^
left_to_add10 * -> left_to_add10 * <
left_to_add10 ^ -> left_to_add10 ^ <
left_to_add10 $ -> left_to_add10 $ <
left_to_add10 # -> left_to_add10 # <
left_to_add10 < -> left_to_add10 < <
left_to_add10 > -> left_to_add10 > <
left_to_add10 ( -> left_to_add10 ( <
left_to_add10 ) -> left_to_add10 ) <
left_to_add10 r0 -> left_to_add10 r0 <
left_to_add10 r1 -> left_to_add10 r1 <
left_to_add10 l0 -> left_to_add10 l0 <
left_to_add10 l1 -> left_to_add10 l1 <
left_to_add10 f0 -> left_to_add10 f0 <
left_to_add10 f1 -> left_to_add10 f1 <
left_to_add10 t0 -> left_to_add10 t0 <
left_to_add10 t1 -> left_to_add10 t1 <
left_to_add10 | -> left_to_add10 | <
left_to_add10 a -> left_to_add10 a <
left_to_add10 o -> left_to_add10 o <

left_to_add10t 0 -> add10 0 ^
left_to_add10t 1 -> add10 1 ^
left_to_add10t 2 -> left_to_add10t 2 <
left_to_add10t 3 -> left_to_add10t 3 <
left_to_add10t 4 -> left_to_add10t 4 <
left_to_add10t 5 -> left_to_add10t 5 <
left_to_add10t 6 -> left_to_add10t 6 <
left_to_add10t 7 -> left_to_add10t 7 <
left_to_add10t 8 -> left_to_add10t 8 <
left_to_add10t 9 -> left_to_add10t 9 <
left_to_add10t - -> left_to_add10t - <
left_to_add10t _ -> add10 _ ^
left_to_add10t + -> left_to_add10t + <
left_to_add10t * -> left_to_add10t * <
left_to_add10t ^ -> left_to_add10t ^ <
left_to_add10t $ -> left_to_add10t $ <
left_to_add10t # -> left_to_add10t # <
left_to_add10t < -> left_to_add10t < <
left_to_add10t > -> left_to_add10t > <
left_to_add10t ( -> left_to_add10t ( <
left_to_add10t ) -> left_to_add10t ) <
left_to_add10t r0 -> left_to_add10t r0 <
left_to_add10t r1 -> left_to_add10t r1 <
left_to_add10t l0 -> left_to_add10t l0 <
left_to_add10t l1 -> left_to_add10t l1 <
left_to_add10t f0 -> left_to_add10t f0 <
left_to_add10t f1 -> left_to_add10t f1 <
left_to_add10t t0 -> left_to_add10t t0 <
left_to_add10t t1 -> left_to_add10t t1 <
left_to_add10t | -> left_to_add10t | <
left_to_add10t a -> left_to_add10t a <
left_to_add10t o -> left_to_add10t o <

add10 0 -> right_to_num1 l0 ^
add10 1 -> right_to_num1 l1 ^
add10 _ -> right_to_num1 l0 ^

clear_left 0 -> clear_left 0 <
clear_left 1 -> clear_left 1 <
clear_left 2 -> clear_left 2 <
clear_left 3 -> clear_left 3 <
clear_left 4 -> clear_left 4 <
clear_left 5 -> clear_left 5 <
clear_left 6 -> clear_left 6 <
clear_left 7 -> clear_left 7 <
clear_left 8 -> clear_left 8 <
clear_left 9 -> clear_left 9 <
clear_left - -> clear_left - <
clear_left _ -> clear_left1 _ ^
clear_left + -> clear_left + <
clear_left * -> clear_left * <
clear_left ^ -> clear_left ^ <
clear_left $ -> clear_left $ <
clear_left # -> clear_left # <
clear_left < -> clear_left < <
clear_left > -> clear_left > <
clear_left ( -> clear_left ( <
clear_left ) -> clear_left ) <
clear_left r0 -> clear_left r0 <
clear_left r1 -> clear_left r1 <
clear_left l0 -> clear_left l0 <
clear_left l1 -> clear_left l1 <
clear_left f0 -> clear_left f0 <
clear_left f1 -> clear_left f1 <
clear_left t0 -> clear_left t0 <
clear_left t1 -> clear_left t1 <
clear_left | -> clear_left | <
clear_left a -> clear_left a <
clear_left o -> clear_left o <

clear_left1 _ -> clear _ >

clear 0 -> clear 0 >
clear 1 -> clear 1 >
clear 2 -> clear 2 >
clear 3 -> clear 3 >
clear 4 -> clear 4 >
clear 5 -> clear 5 >
clear 6 -> clear 6 >
clear 7 -> clear 7 >
clear 8 -> clear 8 >
clear 9 -> clear 9 >
clear - -> clear - >
clear _ -> clear _ >
clear + -> clear + >
clear * -> right_to_dec * ^
clear ^ -> clear ^ >
clear $ -> clear $ >
clear # -> clear # >
clear < -> clear < >
clear > -> clear > >
clear ( -> clear ( >
clear ) -> clear ) >
clear r0 -> clear 0 >
clear r1 -> clear 1 >
clear l0 -> clear 0 >
clear l1 -> clear 1 >
clear f0 -> clear f0 >
clear f1 -> clear f1 >
clear t0 -> clear t0 >
clear t1 -> clear t1 >
clear | -> clear | >
clear a -> clear a >
clear o -> clear o >

right_to_dec 0 -> right_to_dec 0 >
right_to_dec 1 -> right_to_dec 1 >
right_to_dec 2 -> right_to_dec 2 >
right_to_dec 3 -> right_to_dec 3 >
right_to_dec 4 -> right_to_dec 4 >
right_to_dec 5 -> right_to_dec 5 >
right_to_dec 6 -> right_to_dec 6 >
right_to_dec 7 -> right_to_dec 7 >
right_to_dec 8 -> right_to_dec 8 >
right_to_dec 9 -> right_to_dec 9 >
right_to_dec - -> right_to_dec - >
right_to_dec _ -> right_to_dec1 _ ^
right_to_dec + -> right_to_dec + >
right_to_dec * -> right_to_dec * >
right_to_dec ^ -> right_to_dec ^ >
right_to_dec $ -> right_to_dec $ >
right_to_dec # -> right_to_dec # >
right_to_dec < -> right_to_dec < >
right_to_dec > -> right_to_dec > >
right_to_dec ( -> right_to_dec ( >
right_to_dec ) -> right_to_dec ) >
right_to_dec r0 -> right_to_dec r0 >
right_to_dec r1 -> right_to_dec r1 >
right_to_dec l0 -> right_to_dec l0 >
right_to_dec l1 -> right_to_dec l1 >
right_to_dec f0 -> right_to_dec f0 >
right_to_dec f1 -> right_to_dec f1 >
right_to_dec t0 -> right_to_dec t0 >
right_to_dec t1 -> right_to_dec t1 >
right_to_dec | -> right_to_dec | >
right_to_dec a -> right_to_dec a >
right_to_dec o -> right_to_dec o >

right_to_dec1 _ -> dec _ <

dec 0 -> dec 1 <
dec 1 -> left_to_mul_add 0 ^
dec * -> clear_mul * ^

left_to_mul_add 0 -> left_to_mul_add 0 <
left_to_mul_add 1 -> left_to_mul_add 1 <
left_to_mul_add 2 -> left_to_mul_add 2 <
left_to_mul_add 3 -> left_to_mul_add 3 <
left_to_mul_add 4 -> left_to_mul_add 4 <
left_to_mul_add 5 -> left_to_mul_add 5 <
left_to_mul_add 6 -> left_to_mul_add 6 <
left_to_mul_add 7 -> left_to_mul_add 7 <
left_to_mul_add 8 -> left_to_mul_add 8 <
left_to_mul_add 9 -> left_to_mul_add 9 <
left_to_mul_add - -> left_to_mul_add - <
left_to_mul_add _ -> left_to_mul_add _ <
left_to_mul_add + -> left_to_mul_add1 + ^
left_to_mul_add * -> left_to_mul_add * <
left_to_mul_add ^ -> left_to_mul_add ^ <
left_to_mul_add $ -> left_to_mul_add $ <
left_to_mul_add # -> left_to_mul_add # <
left_to_mul_add < -> left_to_mul_add < <
left_to_mul_add > -> left_to_mul_add > <
left_to_mul_add ( -> left_to_mul_add ( <
left_to_mul_add ) -> left_to_mul_add ) <
left_to_mul_add r0 -> left_to_mul_add r0 <
left_to_mul_add r1 -> left_to_mul_add r1 <
left_to_mul_add l0 -> left_to_mul_add l0 <
left_to_mul_add l1 -> left_to_mul_add l1 <
left_to_mul_add f0 -> left_to_mul_add f0 <
left_to_mul_add f1 -> left_to_mul_add f1 <
left_to_mul_add t0 -> left_to_mul_add t0 <
left_to_mul_add t1 -> left_to_mul_add t1 <
left_to_mul_add | -> left_to_mul_add | <
left_to_mul_add a -> left_to_mul_add a <
left_to_mul_add o -> left_to_mul_add o <

left_to_mul_add1 + -> right_to_num0 + ^

clear_mul 0 -> clear_mul 0 >
clear_mul 1 -> clear_mul 1 >
clear_mul 2 -> clear_mul 2 >
clear_mul 3 -> clear_mul 3 >
clear_mul 4 -> clear_mul 4 >
clear_mul 5 -> clear_mul 5 >
clear_mul 6 -> clear_mul 6 >
clear_mul 7 -> clear_mul 7 >
clear_mul 8 -> clear_mul 8 >
clear_mul 9 -> clear_mul 9 >
clear_mul - -> clear_mul - >
clear_mul _ -> clear_mul1 _ ^
clear_mul + -> clear_mul + >
clear_mul * -> clear_mul * >
clear_mul ^ -> clear_mul ^ >
clear_mul $ -> clear_mul $ >
clear_mul # -> clear_mul # >
clear_mul < -> clear_mul < >
clear_mul > -> clear_mul > >
clear_mul ( -> clear_mul ( >
clear_mul ) -> clear_mul ) >
clear_mul r0 -> clear_mul r0 >
clear_mul r1 -> clear_mul r1 >
clear_mul l0 -> clear_mul l0 >
clear_mul l1 -> clear_mul l1 >
clear_mul f0 -> clear_mul f0 >
clear_mul f1 -> clear_mul f1 >
clear_mul t0 -> clear_mul t0 >
clear_mul t1 -> clear_mul t1 >
clear_mul | -> clear_mul | >
clear_mul a -> clear_mul a >
clear_mul o -> clear_mul o >

clear_mul1 _ -> clear_mul2 _ <

clear_mul2 0 -> clear_mul2 _ <
clear_mul2 1 -> clear_mul2 _ <
clear_mul2 2 -> clear_mul2 _ <
clear_mul2 3 -> clear_mul2 _ <
clear_mul2 4 -> clear_mul2 _ <
clear_mul2 5 -> clear_mul2 _ <
clear_mul2 6 -> clear_mul2 _ <
clear_mul2 7 -> clear_mul2 _ <
clear_mul2 8 -> clear_mul2 _ <
clear_mul2 9 -> clear_mul2 _ <
clear_mul2 - -> clear_mul2 _ <
clear_mul2 _ -> clear_mul2 _ <
clear_mul2 + -> clear_mul3 _ <
clear_mul2 * -> clear_mul2 _ <
clear_mul2 ^ -> clear_mul2 _ <
clear_mul2 $ -> clear_mul2 _ <
clear_mul2 # -> clear_mul2 _ <
clear_mul2 < -> clear_mul2 _ <
clear_mul2 > -> clear_mul2 _ <
clear_mul2 ( -> clear_mul2 _ <
clear_mul2 ) -> clear_mul2 _ <
clear_mul2 r0 -> clear_mul2 _ <
clear_mul2 r1 -> clear_mul2 _ <
clear_mul2 l0 -> clear_mul2 _ <
clear_mul2 l1 -> clear_mul2 _ <
clear_mul2 f0 -> clear_mul2 _ <
clear_mul2 f1 -> clear_mul2 _ <
clear_mul2 t0 -> clear_mul2 _ <
clear_mul2 t1 -> clear_mul2 _ <
clear_mul2 | -> clear_mul2 _ <
clear_mul2 a -> clear_mul2 _ <
clear_mul2 o -> clear_mul2 _ <

clear_mul3 0 -> clear_mul3 0 <
clear_mul3 1 -> clear_mul3 1 <
clear_mul3 2 -> clear_mul3 2 <
clear_mul3 3 -> clear_mul3 3 <
clear_mul3 4 -> clear_mul3 4 <
clear_mul3 5 -> clear_mul3 5 <
clear_mul3 6 -> clear_mul3 6 <
clear_mul3 7 -> clear_mul3 7 <
clear_mul3 8 -> clear_mul3 8 <
clear_mul3 9 -> clear_mul3 9 <
clear_mul3 - -> clear_mul3 - <
clear_mul3 _ -> clear_mul4 _ ^
clear_mul3 + -> clear_mul3 + <
clear_mul3 * -> clear_mul3 * <
clear_mul3 ^ -> clear_mul3 ^ <
clear_mul3 $ -> clear_mul3 $ <
clear_mul3 # -> clear_mul3 # <
clear_mul3 < -> clear_mul3 < <
clear_mul3 > -> clear_mul3 > <
clear_mul3 ( -> clear_mul3 ( <
clear_mul3 ) -> clear_mul3 ) <
clear_mul3 r0 -> clear_mul3 r0 <
clear_mul3 r1 -> clear_mul3 r1 <
clear_mul3 l0 -> clear_mul3 l0 <
clear_mul3 l1 -> clear_mul3 l1 <
clear_mul3 f0 -> clear_mul3 f0 <
clear_mul3 f1 -> clear_mul3 f1 <
clear_mul3 t0 -> clear_mul3 t0 <
clear_mul3 t1 -> clear_mul3 t1 <
clear_mul3 | -> clear_mul3 | <
clear_mul3 a -> clear_mul3 a <
clear_mul3 o -> clear_mul3 o <

clear_mul4 _ -> clear_mul5 _ >

clear_mul5 0 -> ac 0 ^
clear_mul5 1 -> ac 1 ^
clear_mul5 2 -> ac 2 ^
clear_mul5 3 -> ac 3 ^
clear_mul5 4 -> ac 4 ^
clear_mul5 5 -> ac 5 ^
clear_mul5 6 -> ac 6 ^
clear_mul5 7 -> ac 7 ^
clear_mul5 8 -> ac 8 ^
clear_mul5 9 -> ac 9 ^
clear_mul5 - -> ac - ^
clear_mul5 _ -> ac 0 ^
clear_mul5 + -> ac + ^
clear_mul5 * -> ac * ^
clear_mul5 ^ -> ac ^ ^
clear_mul5 $ -> ac $ ^
clear_mul5 # -> ac # ^
clear_mul5 < -> ac < ^
clear_mul5 > -> ac > ^
clear_mul5 ( -> ac ( ^
clear_mul5 ) -> ac ) ^
clear_mul5 r0 -> ac r0 ^
clear_mul5 r1 -> ac r1 ^
clear_mul5 l0 -> ac l0 ^
clear_mul5 l1 -> ac l1 ^
clear_mul5 f0 -> ac f0 ^
clear_mul5 f1 -> ac f1 ^
clear_mul5 t0 -> ac t0 ^
clear_mul5 t1 -> ac t1 ^
clear_mul5 | -> ac | ^
clear_mul5 a -> ac a ^
clear_mul5 o -> ac o ^

