start: s
accept: ac
reject: rj
blank: _
s 0 -> convert_right 0 ^
s 1 -> convert_right 1 ^
s 2 -> convert_right 2 ^
s 3 -> convert_right 3 ^
s 4 -> convert_right 4 ^
s 5 -> convert_right 5 ^
s 6 -> convert_right 6 ^
s 7 -> convert_right 7 ^
s 8 -> convert_right 8 ^
s 9 -> convert_right 9 ^
s - -> convert_right - ^
s _ -> convert_right _ ^
s + -> convert_right + ^
s * -> convert_right * ^
s ^ -> convert_right ^ ^
s $ -> convert_right $ ^
s # -> convert_right # ^
s < -> convert_right < ^
s > -> convert_right > ^
s ( -> convert_right ( ^
s ) -> convert_right ) ^



convert_right 0 -> convert_right_move 2 >
convert_right 1 -> convert_right_move 3 >
convert_right 2 -> rj 2 ^
convert_right 3 -> rj 3 ^
convert_right 4 -> move_to_end 4 ^
convert_right 5 -> move_to_end 5 ^
convert_right 6 -> rj 6 ^
convert_right 7 -> rj 7 ^
convert_right 8 -> rj 8 ^
convert_right 9 -> rj 9 ^
convert_right - -> rj - ^
convert_right _ -> rj _ ^
convert_right + -> rj + ^
convert_right * -> rj * ^
convert_right ^ -> rj ^ ^
convert_right $ -> rj $ ^
convert_right # -> rj # ^
convert_right < -> rj < ^
convert_right > -> rj > ^
convert_right ( -> rj ( ^
convert_right ) -> rj ) ^

convert_right_move 0 -> convert_right_move 0 >
convert_right_move 1 -> convert_right_move 1 >
convert_right_move 2 -> rj 2 ^
convert_right_move 3 -> rj 3 ^
convert_right_move 4 -> convert_left 4 <
convert_right_move 5 -> convert_left 5 <
convert_right_move 6 -> rj 6 ^
convert_right_move 7 -> rj 7 ^
convert_right_move 8 -> rj 8 ^
convert_right_move 9 -> rj 9 ^
convert_right_move - -> rj - ^
convert_right_move _ -> convert_left _ <
convert_right_move + -> rj + ^
convert_right_move * -> rj * ^
convert_right_move ^ -> rj ^ ^
convert_right_move $ -> rj $ ^
convert_right_move # -> rj # ^
convert_right_move < -> rj < ^
convert_right_move > -> rj > ^
convert_right_move ( -> rj ( ^
convert_right_move ) -> rj ) ^

convert_left 0 -> convert_left_move 4 <
convert_left 1 -> convert_left_move 5 <
convert_left 2 -> move_to_end 2 ^
convert_left 3 -> move_to_end 3 ^
convert_left 4 -> rj 4 ^
convert_left 5 -> rj 5 ^
convert_left 6 -> rj 6 ^
convert_left 7 -> rj 7 ^
convert_left 8 -> rj 8 ^
convert_left 9 -> rj 9 ^
convert_left - -> rj - ^
convert_left _ -> rj _ ^
convert_left + -> rj + ^
convert_left * -> rj * ^
convert_left ^ -> rj ^ ^
convert_left $ -> rj $ ^
convert_left # -> rj # ^
convert_left < -> rj < ^
convert_left > -> rj > ^
convert_left ( -> rj ( ^
convert_left ) -> rj ) ^

convert_left_move 0 -> convert_left_move 0 <
convert_left_move 1 -> convert_left_move 1 <
convert_left_move 2 -> convert_right 2 >
convert_left_move 3 -> convert_right 3 >
convert_left_move 4 -> rj 4 ^
convert_left_move 5 -> rj 5 ^
convert_left_move 6 -> rj 6 ^
convert_left_move 7 -> rj 7 ^
convert_left_move 8 -> rj 8 ^
convert_left_move 9 -> rj 9 ^
convert_left_move - -> rj - ^
convert_left_move _ -> convert_right _ >
convert_left_move + -> rj + ^
convert_left_move * -> rj * ^
convert_left_move ^ -> rj ^ ^
convert_left_move $ -> rj $ ^
convert_left_move # -> rj # ^
convert_left_move < -> rj < ^
convert_left_move > -> rj > ^
convert_left_move ( -> rj ( ^
convert_left_move ) -> rj ) ^

move_to_end 0 -> move_to_end 0 >
move_to_end 1 -> move_to_end 1 >
move_to_end 2 -> move_to_end 2 >
move_to_end 3 -> move_to_end 3 >
move_to_end 4 -> move_to_end 4 >
move_to_end 5 -> move_to_end 5 >
move_to_end 6 -> move_to_end 6 >
move_to_end 7 -> move_to_end 7 >
move_to_end 8 -> move_to_end 8 >
move_to_end 9 -> move_to_end 9 >
move_to_end - -> move_to_end - >
move_to_end _ -> move_to_end_quote _ ^
move_to_end + -> move_to_end + >
move_to_end * -> move_to_end * >
move_to_end ^ -> move_to_end ^ >
move_to_end $ -> move_to_end $ >
move_to_end # -> move_to_end # >
move_to_end < -> move_to_end < >
move_to_end > -> move_to_end > >
move_to_end ( -> move_to_end ( >
move_to_end ) -> move_to_end ) >

move_to_end_quote 0 -> check_left 0 <
move_to_end_quote 1 -> check_left 1 <
move_to_end_quote 2 -> check_left 2 <
move_to_end_quote 3 -> check_left 3 <
move_to_end_quote 4 -> check_left 4 <
move_to_end_quote 5 -> check_left 5 <
move_to_end_quote 6 -> check_left 6 <
move_to_end_quote 7 -> check_left 7 <
move_to_end_quote 8 -> check_left 8 <
move_to_end_quote 9 -> check_left 9 <
move_to_end_quote - -> check_left - <
move_to_end_quote _ -> check_left _ <
move_to_end_quote + -> check_left + <
move_to_end_quote * -> check_left * <
move_to_end_quote ^ -> check_left ^ <
move_to_end_quote $ -> check_left $ <
move_to_end_quote # -> check_left # <
move_to_end_quote < -> check_left < <
move_to_end_quote > -> check_left > <
move_to_end_quote ( -> check_left ( <
move_to_end_quote ) -> check_left ) <

check_left 0 -> check_left 0 <
check_left 1 -> check_left 1 <
check_left 4 -> check_left0 0 <
check_left 5 -> check_left1 1 <
check_left _ -> ac _ >

check_left1 0 -> check_left1 0 <
check_left1 1 -> check_left1 1 <
check_left1 2 -> rj 2 ^
check_left1 3 -> move_to_end 1 ^
check_left1 4 -> check_left1 4 <
check_left1 5 -> check_left1 5 <
check_left1 6 -> check_left1 6 <
check_left1 7 -> check_left1 7 <
check_left1 8 -> check_left1 8 <
check_left1 9 -> check_left1 9 <
check_left1 - -> check_left1 - <
check_left1 _ -> check_left1 _ <
check_left1 + -> check_left1 + <
check_left1 * -> check_left1 * <
check_left1 ^ -> check_left1 ^ <
check_left1 $ -> check_left1 $ <
check_left1 # -> check_left1 # <
check_left1 < -> check_left1 < <
check_left1 > -> check_left1 > <
check_left1 ( -> check_left1 ( <
check_left1 ) -> check_left1 ) <

check_left0 0 -> check_left0 0 <
check_left0 1 -> check_left0 1 <
check_left0 2 -> move_to_end 0 ^
check_left0 3 -> rj 3 ^
check_left0 4 -> check_left0 4 <
check_left0 5 -> check_left0 5 <
check_left0 6 -> check_left0 6 <
check_left0 7 -> check_left0 7 <
check_left0 8 -> check_left0 8 <
check_left0 9 -> check_left0 9 <
check_left0 - -> check_left0 - <
check_left0 _ -> check_left0 _ <
check_left0 + -> check_left0 + <
check_left0 * -> check_left0 * <
check_left0 ^ -> check_left0 ^ <
check_left0 $ -> check_left0 $ <
check_left0 # -> check_left0 # <
check_left0 < -> check_left0 < <
check_left0 > -> check_left0 > <
check_left0 ( -> check_left0 ( <
check_left0 ) -> check_left0 ) <

